2023-11-03T00:02:00.235-03:00 DEBUG [users-ws, 654462a8289a1ea1862465635cd765e8, e2fe0e3adb516d7b] 95940 --- [http-nio-auto-1-exec-2] c.p.users.services.impl.UserServiceImpl  : Before calling albums microservice
2023-11-03T00:02:00.252-03:00 DEBUG [users-ws, 654462a8289a1ea1862465635cd765e8, e2fe0e3adb516d7b] 95940 --- [http-nio-auto-1-exec-2] com.pblgllgs.users.clients.AlbumClient   : [AlbumClient#findAllAlbums] ---> GET http://albums-ws/users/4a0e147a-1c90-4946-a27c-6c9e3bf21c46/albums HTTP/1.1
2023-11-03T00:02:00.252-03:00 DEBUG [users-ws, 654462a8289a1ea1862465635cd765e8, e2fe0e3adb516d7b] 95940 --- [http-nio-auto-1-exec-2] com.pblgllgs.users.clients.AlbumClient   : [AlbumClient#findAllAlbums] ---> END HTTP (0-byte body)
2023-11-03T00:02:00.475-03:00 DEBUG [users-ws, 654462a8289a1ea1862465635cd765e8, e2fe0e3adb516d7b] 95940 --- [http-nio-auto-1-exec-2] com.pblgllgs.users.clients.AlbumClient   : [AlbumClient#findAllAlbums] <--- HTTP/1.1 200 (222ms)
2023-11-03T00:02:00.475-03:00 DEBUG [users-ws, 654462a8289a1ea1862465635cd765e8, e2fe0e3adb516d7b] 95940 --- [http-nio-auto-1-exec-2] com.pblgllgs.users.clients.AlbumClient   : [AlbumClient#findAllAlbums] connection: keep-alive
2023-11-03T00:02:00.475-03:00 DEBUG [users-ws, 654462a8289a1ea1862465635cd765e8, e2fe0e3adb516d7b] 95940 --- [http-nio-auto-1-exec-2] com.pblgllgs.users.clients.AlbumClient   : [AlbumClient#findAllAlbums] content-type: application/json
2023-11-03T00:02:00.475-03:00 DEBUG [users-ws, 654462a8289a1ea1862465635cd765e8, e2fe0e3adb516d7b] 95940 --- [http-nio-auto-1-exec-2] com.pblgllgs.users.clients.AlbumClient   : [AlbumClient#findAllAlbums] date: Fri, 03 Nov 2023 03:02:00 GMT
2023-11-03T00:02:00.475-03:00 DEBUG [users-ws, 654462a8289a1ea1862465635cd765e8, e2fe0e3adb516d7b] 95940 --- [http-nio-auto-1-exec-2] com.pblgllgs.users.clients.AlbumClient   : [AlbumClient#findAllAlbums] keep-alive: timeout=60
2023-11-03T00:02:00.475-03:00 DEBUG [users-ws, 654462a8289a1ea1862465635cd765e8, e2fe0e3adb516d7b] 95940 --- [http-nio-auto-1-exec-2] com.pblgllgs.users.clients.AlbumClient   : [AlbumClient#findAllAlbums] transfer-encoding: chunked
2023-11-03T00:02:00.475-03:00 DEBUG [users-ws, 654462a8289a1ea1862465635cd765e8, e2fe0e3adb516d7b] 95940 --- [http-nio-auto-1-exec-2] com.pblgllgs.users.clients.AlbumClient   : [AlbumClient#findAllAlbums] 
2023-11-03T00:02:00.476-03:00 DEBUG [users-ws, 654462a8289a1ea1862465635cd765e8, e2fe0e3adb516d7b] 95940 --- [http-nio-auto-1-exec-2] com.pblgllgs.users.clients.AlbumClient   : [AlbumClient#findAllAlbums] [{"id":1,"albumId":"264af8cd-c920-41a2-843e-7b18927c4359","userId":"4a0e147a-1c90-4946-a27c-6c9e3bf21c46","name":"white","description":"Voluptatibus qui mollitia iure eum voluptatem nemo non nihil sapiente."},{"id":2,"albumId":"ff0757db-e53f-416b-a3a0-8f035c382e1c","userId":"4a0e147a-1c90-4946-a27c-6c9e3bf21c46","name":"salmon","description":"Reprehenderit suscipit vitae."},{"id":3,"albumId":"d69a8617-ab97-4ee1-a2a0-998ee9edc2dc","userId":"4a0e147a-1c90-4946-a27c-6c9e3bf21c46","name":"olive","description":"Nemo quis dolores illum vero voluptatem officia sunt id alias."},{"id":4,"albumId":"11083783-b9e2-4a2a-b98a-4c2696872dc2","userId":"4a0e147a-1c90-4946-a27c-6c9e3bf21c46","name":"lavender","description":"Vero inventore sint minima nihil qui."},{"id":5,"albumId":"d1e8536e-4ddd-45b1-b938-1bae124bb411","userId":"4a0e147a-1c90-4946-a27c-6c9e3bf21c46","name":"tan","description":"Praesentium excepturi quasi est ipsum illo."}]
2023-11-03T00:02:00.476-03:00 DEBUG [users-ws, 654462a8289a1ea1862465635cd765e8, e2fe0e3adb516d7b] 95940 --- [http-nio-auto-1-exec-2] com.pblgllgs.users.clients.AlbumClient   : [AlbumClient#findAllAlbums] <--- END HTTP (934-byte body)
2023-11-03T00:02:00.481-03:00 DEBUG [users-ws, 654462a8289a1ea1862465635cd765e8, e2fe0e3adb516d7b] 95940 --- [http-nio-auto-1-exec-2] c.p.users.services.impl.UserServiceImpl  : After calling albums microservice
2023-11-03T00:03:05.801-03:00 DEBUG [users-ws, 654462e9ed2cd3cb1d7d38afe7c8e954, 47cfbaef91a9ef2b] 95940 --- [http-nio-auto-1-exec-4] c.p.users.services.impl.UserServiceImpl  : Before calling albums microservice
2023-11-03T00:03:05.802-03:00 DEBUG [users-ws, 654462e9ed2cd3cb1d7d38afe7c8e954, 47cfbaef91a9ef2b] 95940 --- [http-nio-auto-1-exec-4] com.pblgllgs.users.clients.AlbumClient   : [AlbumClient#findAllAlbums] ---> GET http://albums-ws/users/4a0e147a-1c90-4946-a27c-6c9e3bf21c46/albums HTTP/1.1
2023-11-03T00:03:05.802-03:00 DEBUG [users-ws, 654462e9ed2cd3cb1d7d38afe7c8e954, 47cfbaef91a9ef2b] 95940 --- [http-nio-auto-1-exec-4] com.pblgllgs.users.clients.AlbumClient   : [AlbumClient#findAllAlbums] ---> END HTTP (0-byte body)
2023-11-03T00:03:05.810-03:00 DEBUG [users-ws, 654462e9ed2cd3cb1d7d38afe7c8e954, 47cfbaef91a9ef2b] 95940 --- [http-nio-auto-1-exec-4] com.pblgllgs.users.clients.AlbumClient   : [AlbumClient#findAllAlbums] <--- HTTP/1.1 200 (8ms)
2023-11-03T00:03:05.810-03:00 DEBUG [users-ws, 654462e9ed2cd3cb1d7d38afe7c8e954, 47cfbaef91a9ef2b] 95940 --- [http-nio-auto-1-exec-4] com.pblgllgs.users.clients.AlbumClient   : [AlbumClient#findAllAlbums] connection: keep-alive
2023-11-03T00:03:05.810-03:00 DEBUG [users-ws, 654462e9ed2cd3cb1d7d38afe7c8e954, 47cfbaef91a9ef2b] 95940 --- [http-nio-auto-1-exec-4] com.pblgllgs.users.clients.AlbumClient   : [AlbumClient#findAllAlbums] content-type: application/json
2023-11-03T00:03:05.810-03:00 DEBUG [users-ws, 654462e9ed2cd3cb1d7d38afe7c8e954, 47cfbaef91a9ef2b] 95940 --- [http-nio-auto-1-exec-4] com.pblgllgs.users.clients.AlbumClient   : [AlbumClient#findAllAlbums] date: Fri, 03 Nov 2023 03:03:05 GMT
2023-11-03T00:03:05.810-03:00 DEBUG [users-ws, 654462e9ed2cd3cb1d7d38afe7c8e954, 47cfbaef91a9ef2b] 95940 --- [http-nio-auto-1-exec-4] com.pblgllgs.users.clients.AlbumClient   : [AlbumClient#findAllAlbums] keep-alive: timeout=60
2023-11-03T00:03:05.811-03:00 DEBUG [users-ws, 654462e9ed2cd3cb1d7d38afe7c8e954, 47cfbaef91a9ef2b] 95940 --- [http-nio-auto-1-exec-4] com.pblgllgs.users.clients.AlbumClient   : [AlbumClient#findAllAlbums] transfer-encoding: chunked
2023-11-03T00:03:05.811-03:00 DEBUG [users-ws, 654462e9ed2cd3cb1d7d38afe7c8e954, 47cfbaef91a9ef2b] 95940 --- [http-nio-auto-1-exec-4] com.pblgllgs.users.clients.AlbumClient   : [AlbumClient#findAllAlbums] 
2023-11-03T00:03:05.811-03:00 DEBUG [users-ws, 654462e9ed2cd3cb1d7d38afe7c8e954, 47cfbaef91a9ef2b] 95940 --- [http-nio-auto-1-exec-4] com.pblgllgs.users.clients.AlbumClient   : [AlbumClient#findAllAlbums] [{"id":1,"albumId":"264af8cd-c920-41a2-843e-7b18927c4359","userId":"4a0e147a-1c90-4946-a27c-6c9e3bf21c46","name":"white","description":"Voluptatibus qui mollitia iure eum voluptatem nemo non nihil sapiente."},{"id":2,"albumId":"ff0757db-e53f-416b-a3a0-8f035c382e1c","userId":"4a0e147a-1c90-4946-a27c-6c9e3bf21c46","name":"salmon","description":"Reprehenderit suscipit vitae."},{"id":3,"albumId":"d69a8617-ab97-4ee1-a2a0-998ee9edc2dc","userId":"4a0e147a-1c90-4946-a27c-6c9e3bf21c46","name":"olive","description":"Nemo quis dolores illum vero voluptatem officia sunt id alias."},{"id":4,"albumId":"11083783-b9e2-4a2a-b98a-4c2696872dc2","userId":"4a0e147a-1c90-4946-a27c-6c9e3bf21c46","name":"lavender","description":"Vero inventore sint minima nihil qui."},{"id":5,"albumId":"d1e8536e-4ddd-45b1-b938-1bae124bb411","userId":"4a0e147a-1c90-4946-a27c-6c9e3bf21c46","name":"tan","description":"Praesentium excepturi quasi est ipsum illo."}]
2023-11-03T00:03:05.811-03:00 DEBUG [users-ws, 654462e9ed2cd3cb1d7d38afe7c8e954, 47cfbaef91a9ef2b] 95940 --- [http-nio-auto-1-exec-4] com.pblgllgs.users.clients.AlbumClient   : [AlbumClient#findAllAlbums] <--- END HTTP (934-byte body)
2023-11-03T00:03:05.811-03:00 DEBUG [users-ws, 654462e9ed2cd3cb1d7d38afe7c8e954, 47cfbaef91a9ef2b] 95940 --- [http-nio-auto-1-exec-4] c.p.users.services.impl.UserServiceImpl  : After calling albums microservice
2023-11-03T00:04:48.299-03:00  INFO [users-ws, , ] 95940 --- [AsyncResolver-bootstrap-executor-0] c.n.d.s.r.aws.ConfigClusterResolver      : Resolving eureka endpoints via configuration
2023-11-03T00:09:48.304-03:00  INFO [users-ws, , ] 95940 --- [AsyncResolver-bootstrap-executor-0] c.n.d.s.r.aws.ConfigClusterResolver      : Resolving eureka endpoints via configuration
2023-11-03T00:13:04.847-03:00 DEBUG [users-ws, 654465400da124cdb08f9d344845787b, 7fa9bc17b4447003] 95940 --- [http-nio-auto-1-exec-6] c.p.users.services.impl.UserServiceImpl  : Before calling albums microservice
2023-11-03T00:13:04.848-03:00 DEBUG [users-ws, 654465400da124cdb08f9d344845787b, 7fa9bc17b4447003] 95940 --- [http-nio-auto-1-exec-6] com.pblgllgs.users.clients.AlbumClient   : [AlbumClient#findAllAlbums] ---> GET http://albums-ws/users/4a0e147a-1c90-4946-a27c-6c9e3bf21c46/albums HTTP/1.1
2023-11-03T00:13:04.849-03:00 DEBUG [users-ws, 654465400da124cdb08f9d344845787b, 7fa9bc17b4447003] 95940 --- [http-nio-auto-1-exec-6] com.pblgllgs.users.clients.AlbumClient   : [AlbumClient#findAllAlbums] ---> END HTTP (0-byte body)
2023-11-03T00:13:04.860-03:00 DEBUG [users-ws, 654465400da124cdb08f9d344845787b, 7fa9bc17b4447003] 95940 --- [http-nio-auto-1-exec-6] com.pblgllgs.users.clients.AlbumClient   : [AlbumClient#findAllAlbums] <--- HTTP/1.1 200 (11ms)
2023-11-03T00:13:04.860-03:00 DEBUG [users-ws, 654465400da124cdb08f9d344845787b, 7fa9bc17b4447003] 95940 --- [http-nio-auto-1-exec-6] com.pblgllgs.users.clients.AlbumClient   : [AlbumClient#findAllAlbums] connection: keep-alive
2023-11-03T00:13:04.860-03:00 DEBUG [users-ws, 654465400da124cdb08f9d344845787b, 7fa9bc17b4447003] 95940 --- [http-nio-auto-1-exec-6] com.pblgllgs.users.clients.AlbumClient   : [AlbumClient#findAllAlbums] content-type: application/json
2023-11-03T00:13:04.860-03:00 DEBUG [users-ws, 654465400da124cdb08f9d344845787b, 7fa9bc17b4447003] 95940 --- [http-nio-auto-1-exec-6] com.pblgllgs.users.clients.AlbumClient   : [AlbumClient#findAllAlbums] date: Fri, 03 Nov 2023 03:13:04 GMT
2023-11-03T00:13:04.860-03:00 DEBUG [users-ws, 654465400da124cdb08f9d344845787b, 7fa9bc17b4447003] 95940 --- [http-nio-auto-1-exec-6] com.pblgllgs.users.clients.AlbumClient   : [AlbumClient#findAllAlbums] keep-alive: timeout=60
2023-11-03T00:13:04.860-03:00 DEBUG [users-ws, 654465400da124cdb08f9d344845787b, 7fa9bc17b4447003] 95940 --- [http-nio-auto-1-exec-6] com.pblgllgs.users.clients.AlbumClient   : [AlbumClient#findAllAlbums] transfer-encoding: chunked
2023-11-03T00:13:04.860-03:00 DEBUG [users-ws, 654465400da124cdb08f9d344845787b, 7fa9bc17b4447003] 95940 --- [http-nio-auto-1-exec-6] com.pblgllgs.users.clients.AlbumClient   : [AlbumClient#findAllAlbums] 
2023-11-03T00:13:04.861-03:00 DEBUG [users-ws, 654465400da124cdb08f9d344845787b, 7fa9bc17b4447003] 95940 --- [http-nio-auto-1-exec-6] com.pblgllgs.users.clients.AlbumClient   : [AlbumClient#findAllAlbums] [{"id":1,"albumId":"264af8cd-c920-41a2-843e-7b18927c4359","userId":"4a0e147a-1c90-4946-a27c-6c9e3bf21c46","name":"white","description":"Voluptatibus qui mollitia iure eum voluptatem nemo non nihil sapiente."},{"id":2,"albumId":"ff0757db-e53f-416b-a3a0-8f035c382e1c","userId":"4a0e147a-1c90-4946-a27c-6c9e3bf21c46","name":"salmon","description":"Reprehenderit suscipit vitae."},{"id":3,"albumId":"d69a8617-ab97-4ee1-a2a0-998ee9edc2dc","userId":"4a0e147a-1c90-4946-a27c-6c9e3bf21c46","name":"olive","description":"Nemo quis dolores illum vero voluptatem officia sunt id alias."},{"id":4,"albumId":"11083783-b9e2-4a2a-b98a-4c2696872dc2","userId":"4a0e147a-1c90-4946-a27c-6c9e3bf21c46","name":"lavender","description":"Vero inventore sint minima nihil qui."},{"id":5,"albumId":"d1e8536e-4ddd-45b1-b938-1bae124bb411","userId":"4a0e147a-1c90-4946-a27c-6c9e3bf21c46","name":"tan","description":"Praesentium excepturi quasi est ipsum illo."}]
2023-11-03T00:13:04.861-03:00 DEBUG [users-ws, 654465400da124cdb08f9d344845787b, 7fa9bc17b4447003] 95940 --- [http-nio-auto-1-exec-6] com.pblgllgs.users.clients.AlbumClient   : [AlbumClient#findAllAlbums] <--- END HTTP (934-byte body)
2023-11-03T00:13:04.861-03:00 DEBUG [users-ws, 654465400da124cdb08f9d344845787b, 7fa9bc17b4447003] 95940 --- [http-nio-auto-1-exec-6] c.p.users.services.impl.UserServiceImpl  : After calling albums microservice
2023-11-03T00:14:48.311-03:00  INFO [users-ws, , ] 95940 --- [AsyncResolver-bootstrap-executor-0] c.n.d.s.r.aws.ConfigClusterResolver      : Resolving eureka endpoints via configuration
2023-11-03T00:15:15.117-03:00 DEBUG [users-ws, 654465c312a49b7a4c9bd96722b89d9f, 485d21a4025d4cdc] 95940 --- [http-nio-auto-1-exec-8] c.p.users.services.impl.UserServiceImpl  : Before calling albums microservice
2023-11-03T00:15:15.117-03:00 DEBUG [users-ws, 654465c312a49b7a4c9bd96722b89d9f, 485d21a4025d4cdc] 95940 --- [http-nio-auto-1-exec-8] com.pblgllgs.users.clients.AlbumClient   : [AlbumClient#findAllAlbums] ---> GET http://albums-ws/users/4a0e147a-1c90-4946-a27c-6c9e3bf21c46/albums HTTP/1.1
2023-11-03T00:15:15.117-03:00 DEBUG [users-ws, 654465c312a49b7a4c9bd96722b89d9f, 485d21a4025d4cdc] 95940 --- [http-nio-auto-1-exec-8] com.pblgllgs.users.clients.AlbumClient   : [AlbumClient#findAllAlbums] ---> END HTTP (0-byte body)
2023-11-03T00:15:15.126-03:00 DEBUG [users-ws, 654465c312a49b7a4c9bd96722b89d9f, 485d21a4025d4cdc] 95940 --- [http-nio-auto-1-exec-8] com.pblgllgs.users.clients.AlbumClient   : [AlbumClient#findAllAlbums] <--- HTTP/1.1 200 (8ms)
2023-11-03T00:15:15.126-03:00 DEBUG [users-ws, 654465c312a49b7a4c9bd96722b89d9f, 485d21a4025d4cdc] 95940 --- [http-nio-auto-1-exec-8] com.pblgllgs.users.clients.AlbumClient   : [AlbumClient#findAllAlbums] connection: keep-alive
2023-11-03T00:15:15.126-03:00 DEBUG [users-ws, 654465c312a49b7a4c9bd96722b89d9f, 485d21a4025d4cdc] 95940 --- [http-nio-auto-1-exec-8] com.pblgllgs.users.clients.AlbumClient   : [AlbumClient#findAllAlbums] content-type: application/json
2023-11-03T00:15:15.126-03:00 DEBUG [users-ws, 654465c312a49b7a4c9bd96722b89d9f, 485d21a4025d4cdc] 95940 --- [http-nio-auto-1-exec-8] com.pblgllgs.users.clients.AlbumClient   : [AlbumClient#findAllAlbums] date: Fri, 03 Nov 2023 03:15:15 GMT
2023-11-03T00:15:15.126-03:00 DEBUG [users-ws, 654465c312a49b7a4c9bd96722b89d9f, 485d21a4025d4cdc] 95940 --- [http-nio-auto-1-exec-8] com.pblgllgs.users.clients.AlbumClient   : [AlbumClient#findAllAlbums] keep-alive: timeout=60
2023-11-03T00:15:15.126-03:00 DEBUG [users-ws, 654465c312a49b7a4c9bd96722b89d9f, 485d21a4025d4cdc] 95940 --- [http-nio-auto-1-exec-8] com.pblgllgs.users.clients.AlbumClient   : [AlbumClient#findAllAlbums] transfer-encoding: chunked
2023-11-03T00:15:15.126-03:00 DEBUG [users-ws, 654465c312a49b7a4c9bd96722b89d9f, 485d21a4025d4cdc] 95940 --- [http-nio-auto-1-exec-8] com.pblgllgs.users.clients.AlbumClient   : [AlbumClient#findAllAlbums] 
2023-11-03T00:15:15.126-03:00 DEBUG [users-ws, 654465c312a49b7a4c9bd96722b89d9f, 485d21a4025d4cdc] 95940 --- [http-nio-auto-1-exec-8] com.pblgllgs.users.clients.AlbumClient   : [AlbumClient#findAllAlbums] [{"id":1,"albumId":"264af8cd-c920-41a2-843e-7b18927c4359","userId":"4a0e147a-1c90-4946-a27c-6c9e3bf21c46","name":"white","description":"Voluptatibus qui mollitia iure eum voluptatem nemo non nihil sapiente."},{"id":2,"albumId":"ff0757db-e53f-416b-a3a0-8f035c382e1c","userId":"4a0e147a-1c90-4946-a27c-6c9e3bf21c46","name":"salmon","description":"Reprehenderit suscipit vitae."},{"id":3,"albumId":"d69a8617-ab97-4ee1-a2a0-998ee9edc2dc","userId":"4a0e147a-1c90-4946-a27c-6c9e3bf21c46","name":"olive","description":"Nemo quis dolores illum vero voluptatem officia sunt id alias."},{"id":4,"albumId":"11083783-b9e2-4a2a-b98a-4c2696872dc2","userId":"4a0e147a-1c90-4946-a27c-6c9e3bf21c46","name":"lavender","description":"Vero inventore sint minima nihil qui."},{"id":5,"albumId":"d1e8536e-4ddd-45b1-b938-1bae124bb411","userId":"4a0e147a-1c90-4946-a27c-6c9e3bf21c46","name":"tan","description":"Praesentium excepturi quasi est ipsum illo."}]
2023-11-03T00:15:15.126-03:00 DEBUG [users-ws, 654465c312a49b7a4c9bd96722b89d9f, 485d21a4025d4cdc] 95940 --- [http-nio-auto-1-exec-8] com.pblgllgs.users.clients.AlbumClient   : [AlbumClient#findAllAlbums] <--- END HTTP (934-byte body)
2023-11-03T00:15:15.127-03:00 DEBUG [users-ws, 654465c312a49b7a4c9bd96722b89d9f, 485d21a4025d4cdc] 95940 --- [http-nio-auto-1-exec-8] c.p.users.services.impl.UserServiceImpl  : After calling albums microservice
2023-11-03T00:15:18.768-03:00 DEBUG [users-ws, 654465c6624b49e52765692416ad4a25, 69a84c717ca6b145] 95940 --- [http-nio-auto-1-exec-9] c.p.users.services.impl.UserServiceImpl  : Before calling albums microservice
2023-11-03T00:15:18.768-03:00 DEBUG [users-ws, 654465c6624b49e52765692416ad4a25, 69a84c717ca6b145] 95940 --- [http-nio-auto-1-exec-9] com.pblgllgs.users.clients.AlbumClient   : [AlbumClient#findAllAlbums] ---> GET http://albums-ws/users/4a0e147a-1c90-4946-a27c-6c9e3bf21c46/albums HTTP/1.1
2023-11-03T00:15:18.768-03:00 DEBUG [users-ws, 654465c6624b49e52765692416ad4a25, 69a84c717ca6b145] 95940 --- [http-nio-auto-1-exec-9] com.pblgllgs.users.clients.AlbumClient   : [AlbumClient#findAllAlbums] ---> END HTTP (0-byte body)
2023-11-03T00:15:18.775-03:00 DEBUG [users-ws, 654465c6624b49e52765692416ad4a25, 69a84c717ca6b145] 95940 --- [http-nio-auto-1-exec-9] com.pblgllgs.users.clients.AlbumClient   : [AlbumClient#findAllAlbums] <--- HTTP/1.1 200 (7ms)
2023-11-03T00:15:18.775-03:00 DEBUG [users-ws, 654465c6624b49e52765692416ad4a25, 69a84c717ca6b145] 95940 --- [http-nio-auto-1-exec-9] com.pblgllgs.users.clients.AlbumClient   : [AlbumClient#findAllAlbums] connection: keep-alive
2023-11-03T00:15:18.775-03:00 DEBUG [users-ws, 654465c6624b49e52765692416ad4a25, 69a84c717ca6b145] 95940 --- [http-nio-auto-1-exec-9] com.pblgllgs.users.clients.AlbumClient   : [AlbumClient#findAllAlbums] content-type: application/json
2023-11-03T00:15:18.775-03:00 DEBUG [users-ws, 654465c6624b49e52765692416ad4a25, 69a84c717ca6b145] 95940 --- [http-nio-auto-1-exec-9] com.pblgllgs.users.clients.AlbumClient   : [AlbumClient#findAllAlbums] date: Fri, 03 Nov 2023 03:15:18 GMT
2023-11-03T00:15:18.775-03:00 DEBUG [users-ws, 654465c6624b49e52765692416ad4a25, 69a84c717ca6b145] 95940 --- [http-nio-auto-1-exec-9] com.pblgllgs.users.clients.AlbumClient   : [AlbumClient#findAllAlbums] keep-alive: timeout=60
2023-11-03T00:15:18.775-03:00 DEBUG [users-ws, 654465c6624b49e52765692416ad4a25, 69a84c717ca6b145] 95940 --- [http-nio-auto-1-exec-9] com.pblgllgs.users.clients.AlbumClient   : [AlbumClient#findAllAlbums] transfer-encoding: chunked
2023-11-03T00:15:18.775-03:00 DEBUG [users-ws, 654465c6624b49e52765692416ad4a25, 69a84c717ca6b145] 95940 --- [http-nio-auto-1-exec-9] com.pblgllgs.users.clients.AlbumClient   : [AlbumClient#findAllAlbums] 
2023-11-03T00:15:18.776-03:00 DEBUG [users-ws, 654465c6624b49e52765692416ad4a25, 69a84c717ca6b145] 95940 --- [http-nio-auto-1-exec-9] com.pblgllgs.users.clients.AlbumClient   : [AlbumClient#findAllAlbums] [{"id":1,"albumId":"264af8cd-c920-41a2-843e-7b18927c4359","userId":"4a0e147a-1c90-4946-a27c-6c9e3bf21c46","name":"white","description":"Voluptatibus qui mollitia iure eum voluptatem nemo non nihil sapiente."},{"id":2,"albumId":"ff0757db-e53f-416b-a3a0-8f035c382e1c","userId":"4a0e147a-1c90-4946-a27c-6c9e3bf21c46","name":"salmon","description":"Reprehenderit suscipit vitae."},{"id":3,"albumId":"d69a8617-ab97-4ee1-a2a0-998ee9edc2dc","userId":"4a0e147a-1c90-4946-a27c-6c9e3bf21c46","name":"olive","description":"Nemo quis dolores illum vero voluptatem officia sunt id alias."},{"id":4,"albumId":"11083783-b9e2-4a2a-b98a-4c2696872dc2","userId":"4a0e147a-1c90-4946-a27c-6c9e3bf21c46","name":"lavender","description":"Vero inventore sint minima nihil qui."},{"id":5,"albumId":"d1e8536e-4ddd-45b1-b938-1bae124bb411","userId":"4a0e147a-1c90-4946-a27c-6c9e3bf21c46","name":"tan","description":"Praesentium excepturi quasi est ipsum illo."}]
2023-11-03T00:15:18.776-03:00 DEBUG [users-ws, 654465c6624b49e52765692416ad4a25, 69a84c717ca6b145] 95940 --- [http-nio-auto-1-exec-9] com.pblgllgs.users.clients.AlbumClient   : [AlbumClient#findAllAlbums] <--- END HTTP (934-byte body)
2023-11-03T00:15:18.776-03:00 DEBUG [users-ws, 654465c6624b49e52765692416ad4a25, 69a84c717ca6b145] 95940 --- [http-nio-auto-1-exec-9] c.p.users.services.impl.UserServiceImpl  : After calling albums microservice
2023-11-03T00:15:19.387-03:00 DEBUG [users-ws, 654465c74d4cdc41750857e454a39534, 946755e9e0687958] 95940 --- [http-nio-auto-1-exec-10] c.p.users.services.impl.UserServiceImpl  : Before calling albums microservice
2023-11-03T00:15:19.388-03:00 DEBUG [users-ws, 654465c74d4cdc41750857e454a39534, 946755e9e0687958] 95940 --- [http-nio-auto-1-exec-10] com.pblgllgs.users.clients.AlbumClient   : [AlbumClient#findAllAlbums] ---> GET http://albums-ws/users/4a0e147a-1c90-4946-a27c-6c9e3bf21c46/albums HTTP/1.1
2023-11-03T00:15:19.388-03:00 DEBUG [users-ws, 654465c74d4cdc41750857e454a39534, 946755e9e0687958] 95940 --- [http-nio-auto-1-exec-10] com.pblgllgs.users.clients.AlbumClient   : [AlbumClient#findAllAlbums] ---> END HTTP (0-byte body)
2023-11-03T00:15:19.396-03:00 DEBUG [users-ws, 654465c74d4cdc41750857e454a39534, 946755e9e0687958] 95940 --- [http-nio-auto-1-exec-10] com.pblgllgs.users.clients.AlbumClient   : [AlbumClient#findAllAlbums] <--- HTTP/1.1 200 (7ms)
2023-11-03T00:15:19.396-03:00 DEBUG [users-ws, 654465c74d4cdc41750857e454a39534, 946755e9e0687958] 95940 --- [http-nio-auto-1-exec-10] com.pblgllgs.users.clients.AlbumClient   : [AlbumClient#findAllAlbums] connection: keep-alive
2023-11-03T00:15:19.396-03:00 DEBUG [users-ws, 654465c74d4cdc41750857e454a39534, 946755e9e0687958] 95940 --- [http-nio-auto-1-exec-10] com.pblgllgs.users.clients.AlbumClient   : [AlbumClient#findAllAlbums] content-type: application/json
2023-11-03T00:15:19.396-03:00 DEBUG [users-ws, 654465c74d4cdc41750857e454a39534, 946755e9e0687958] 95940 --- [http-nio-auto-1-exec-10] com.pblgllgs.users.clients.AlbumClient   : [AlbumClient#findAllAlbums] date: Fri, 03 Nov 2023 03:15:18 GMT
2023-11-03T00:15:19.396-03:00 DEBUG [users-ws, 654465c74d4cdc41750857e454a39534, 946755e9e0687958] 95940 --- [http-nio-auto-1-exec-10] com.pblgllgs.users.clients.AlbumClient   : [AlbumClient#findAllAlbums] keep-alive: timeout=60
2023-11-03T00:15:19.396-03:00 DEBUG [users-ws, 654465c74d4cdc41750857e454a39534, 946755e9e0687958] 95940 --- [http-nio-auto-1-exec-10] com.pblgllgs.users.clients.AlbumClient   : [AlbumClient#findAllAlbums] transfer-encoding: chunked
2023-11-03T00:15:19.396-03:00 DEBUG [users-ws, 654465c74d4cdc41750857e454a39534, 946755e9e0687958] 95940 --- [http-nio-auto-1-exec-10] com.pblgllgs.users.clients.AlbumClient   : [AlbumClient#findAllAlbums] 
2023-11-03T00:15:19.396-03:00 DEBUG [users-ws, 654465c74d4cdc41750857e454a39534, 946755e9e0687958] 95940 --- [http-nio-auto-1-exec-10] com.pblgllgs.users.clients.AlbumClient   : [AlbumClient#findAllAlbums] [{"id":1,"albumId":"264af8cd-c920-41a2-843e-7b18927c4359","userId":"4a0e147a-1c90-4946-a27c-6c9e3bf21c46","name":"white","description":"Voluptatibus qui mollitia iure eum voluptatem nemo non nihil sapiente."},{"id":2,"albumId":"ff0757db-e53f-416b-a3a0-8f035c382e1c","userId":"4a0e147a-1c90-4946-a27c-6c9e3bf21c46","name":"salmon","description":"Reprehenderit suscipit vitae."},{"id":3,"albumId":"d69a8617-ab97-4ee1-a2a0-998ee9edc2dc","userId":"4a0e147a-1c90-4946-a27c-6c9e3bf21c46","name":"olive","description":"Nemo quis dolores illum vero voluptatem officia sunt id alias."},{"id":4,"albumId":"11083783-b9e2-4a2a-b98a-4c2696872dc2","userId":"4a0e147a-1c90-4946-a27c-6c9e3bf21c46","name":"lavender","description":"Vero inventore sint minima nihil qui."},{"id":5,"albumId":"d1e8536e-4ddd-45b1-b938-1bae124bb411","userId":"4a0e147a-1c90-4946-a27c-6c9e3bf21c46","name":"tan","description":"Praesentium excepturi quasi est ipsum illo."}]
2023-11-03T00:15:19.396-03:00 DEBUG [users-ws, 654465c74d4cdc41750857e454a39534, 946755e9e0687958] 95940 --- [http-nio-auto-1-exec-10] com.pblgllgs.users.clients.AlbumClient   : [AlbumClient#findAllAlbums] <--- END HTTP (934-byte body)
2023-11-03T00:15:19.397-03:00 DEBUG [users-ws, 654465c74d4cdc41750857e454a39534, 946755e9e0687958] 95940 --- [http-nio-auto-1-exec-10] c.p.users.services.impl.UserServiceImpl  : After calling albums microservice
2023-11-03T00:19:48.320-03:00  INFO [users-ws, , ] 95940 --- [AsyncResolver-bootstrap-executor-0] c.n.d.s.r.aws.ConfigClusterResolver      : Resolving eureka endpoints via configuration
2023-11-03T00:24:48.335-03:00  INFO [users-ws, , ] 95940 --- [AsyncResolver-bootstrap-executor-0] c.n.d.s.r.aws.ConfigClusterResolver      : Resolving eureka endpoints via configuration
2023-11-03T00:27:41.154-03:00  INFO [users-ws, 654468adb25914041c907f05deab0c45, 2c70cb5967173788] 95940 --- [springCloudBus.anonymous._TkmI0BhTCWtL03_heZE1w-1] o.s.cloud.bus.event.RefreshListener      : Received remote refresh request.
2023-11-03T00:27:42.387-03:00  INFO [users-ws, 654468adb25914041c907f05deab0c45, 2c70cb5967173788] 95940 --- [springCloudBus.anonymous._TkmI0BhTCWtL03_heZE1w-1] o.s.cloud.commons.util.InetUtils         : Cannot determine local hostname
2023-11-03T00:27:42.397-03:00  INFO [users-ws, 654468adb25914041c907f05deab0c45, 2c70cb5967173788] 95940 --- [springCloudBus.anonymous._TkmI0BhTCWtL03_heZE1w-1] o.s.c.c.c.ConfigServerConfigDataLoader   : Fetching config from server at : http://localhost:8888
2023-11-03T00:27:44.835-03:00  INFO [users-ws, 654468adb25914041c907f05deab0c45, 2c70cb5967173788] 95940 --- [springCloudBus.anonymous._TkmI0BhTCWtL03_heZE1w-1] o.s.c.c.c.ConfigServerConfigDataLoader   : Located environment: name=users-ws, profiles=[default], label=null, version=75bf2bd7e3773ce49314cd0afb853f6bdbd3a574, state=null
2023-11-03T00:27:45.162-03:00  INFO [users-ws, 654468adb25914041c907f05deab0c45, 2c70cb5967173788] 95940 --- [springCloudBus.anonymous._TkmI0BhTCWtL03_heZE1w-1] com.netflix.discovery.DiscoveryClient    : Shutting down DiscoveryClient ...
2023-11-03T00:27:48.182-03:00  INFO [users-ws, 654468adb25914041c907f05deab0c45, 2c70cb5967173788] 95940 --- [springCloudBus.anonymous._TkmI0BhTCWtL03_heZE1w-1] com.netflix.discovery.DiscoveryClient    : Unregistering ...
2023-11-03T00:27:48.186-03:00  INFO [users-ws, 654468adb25914041c907f05deab0c45, 2c70cb5967173788] 95940 --- [springCloudBus.anonymous._TkmI0BhTCWtL03_heZE1w-1] com.netflix.discovery.DiscoveryClient    : DiscoveryClient_USERS-WS/users-ws:42b714c8-9e8c-4f8e-b61e-b71aedb27cb0 - deregister  status: 200
2023-11-03T00:27:48.219-03:00  INFO [users-ws, 654468adb25914041c907f05deab0c45, 2c70cb5967173788] 95940 --- [springCloudBus.anonymous._TkmI0BhTCWtL03_heZE1w-1] com.netflix.discovery.DiscoveryClient    : Completed shut down of DiscoveryClient
2023-11-03T00:27:48.221-03:00  INFO [users-ws, 654468adb25914041c907f05deab0c45, 2c70cb5967173788] 95940 --- [springCloudBus.anonymous._TkmI0BhTCWtL03_heZE1w-1] o.s.c.n.eureka.InstanceInfoFactory       : Setting initial instance status as: STARTING
2023-11-03T00:27:48.231-03:00  INFO [users-ws, 654468adb25914041c907f05deab0c45, 2c70cb5967173788] 95940 --- [springCloudBus.anonymous._TkmI0BhTCWtL03_heZE1w-1] com.netflix.discovery.DiscoveryClient    : Initializing Eureka in region us-east-1
2023-11-03T00:27:48.231-03:00  INFO [users-ws, 654468adb25914041c907f05deab0c45, 2c70cb5967173788] 95940 --- [springCloudBus.anonymous._TkmI0BhTCWtL03_heZE1w-1] c.n.d.s.r.aws.ConfigClusterResolver      : Resolving eureka endpoints via configuration
2023-11-03T00:27:48.237-03:00  INFO [users-ws, 654468adb25914041c907f05deab0c45, 2c70cb5967173788] 95940 --- [springCloudBus.anonymous._TkmI0BhTCWtL03_heZE1w-1] com.netflix.discovery.DiscoveryClient    : Disable delta property : false
2023-11-03T00:27:48.237-03:00  INFO [users-ws, 654468adb25914041c907f05deab0c45, 2c70cb5967173788] 95940 --- [springCloudBus.anonymous._TkmI0BhTCWtL03_heZE1w-1] com.netflix.discovery.DiscoveryClient    : Single vip registry refresh property : null
2023-11-03T00:27:48.237-03:00  INFO [users-ws, 654468adb25914041c907f05deab0c45, 2c70cb5967173788] 95940 --- [springCloudBus.anonymous._TkmI0BhTCWtL03_heZE1w-1] com.netflix.discovery.DiscoveryClient    : Force full registry fetch : false
2023-11-03T00:27:48.237-03:00  INFO [users-ws, 654468adb25914041c907f05deab0c45, 2c70cb5967173788] 95940 --- [springCloudBus.anonymous._TkmI0BhTCWtL03_heZE1w-1] com.netflix.discovery.DiscoveryClient    : Application is null : false
2023-11-03T00:27:48.237-03:00  INFO [users-ws, 654468adb25914041c907f05deab0c45, 2c70cb5967173788] 95940 --- [springCloudBus.anonymous._TkmI0BhTCWtL03_heZE1w-1] com.netflix.discovery.DiscoveryClient    : Registered Applications size is zero : true
2023-11-03T00:27:48.237-03:00  INFO [users-ws, 654468adb25914041c907f05deab0c45, 2c70cb5967173788] 95940 --- [springCloudBus.anonymous._TkmI0BhTCWtL03_heZE1w-1] com.netflix.discovery.DiscoveryClient    : Application version is -1: true
2023-11-03T00:27:48.237-03:00  INFO [users-ws, 654468adb25914041c907f05deab0c45, 2c70cb5967173788] 95940 --- [springCloudBus.anonymous._TkmI0BhTCWtL03_heZE1w-1] com.netflix.discovery.DiscoveryClient    : Getting all instance registry info from the eureka server
2023-11-03T00:27:48.253-03:00  INFO [users-ws, 654468adb25914041c907f05deab0c45, 2c70cb5967173788] 95940 --- [springCloudBus.anonymous._TkmI0BhTCWtL03_heZE1w-1] com.netflix.discovery.DiscoveryClient    : The response status is 200
2023-11-03T00:27:48.256-03:00  INFO [users-ws, 654468adb25914041c907f05deab0c45, 2c70cb5967173788] 95940 --- [springCloudBus.anonymous._TkmI0BhTCWtL03_heZE1w-1] com.netflix.discovery.DiscoveryClient    : Starting heartbeat executor: renew interval is: 30
2023-11-03T00:27:48.259-03:00  INFO [users-ws, 654468adb25914041c907f05deab0c45, 2c70cb5967173788] 95940 --- [springCloudBus.anonymous._TkmI0BhTCWtL03_heZE1w-1] c.n.discovery.InstanceInfoReplicator     : InstanceInfoReplicator onDemand update allowed rate per min is 4
2023-11-03T00:27:48.264-03:00  INFO [users-ws, 654468adb25914041c907f05deab0c45, 2c70cb5967173788] 95940 --- [springCloudBus.anonymous._TkmI0BhTCWtL03_heZE1w-1] com.netflix.discovery.DiscoveryClient    : Discovery Client initialized at timestamp 1698982068264 with initial instances count: 4
2023-11-03T00:27:48.265-03:00  INFO [users-ws, 654468adb25914041c907f05deab0c45, 2c70cb5967173788] 95940 --- [springCloudBus.anonymous._TkmI0BhTCWtL03_heZE1w-1] o.s.c.n.e.s.EurekaServiceRegistry        : Unregistering application USERS-WS with eureka with status DOWN
2023-11-03T00:27:48.265-03:00  INFO [users-ws, 654468adb25914041c907f05deab0c45, 2c70cb5967173788] 95940 --- [springCloudBus.anonymous._TkmI0BhTCWtL03_heZE1w-1] com.netflix.discovery.DiscoveryClient    : Saw local status change event StatusChangeEvent [timestamp=1698982068265, current=DOWN, previous=STARTING]
2023-11-03T00:27:48.265-03:00  INFO [users-ws, , ] 95940 --- [DiscoveryClient-InstanceInfoReplicator-0] com.netflix.discovery.DiscoveryClient    : DiscoveryClient_USERS-WS/users-ws:16d72811-3b55-4965-91ed-5518c2399ed1: registering service...
2023-11-03T00:27:48.265-03:00  INFO [users-ws, 654468adb25914041c907f05deab0c45, 2c70cb5967173788] 95940 --- [springCloudBus.anonymous._TkmI0BhTCWtL03_heZE1w-1] o.s.c.n.e.s.EurekaServiceRegistry        : Registering application USERS-WS with eureka with status UP
2023-11-03T00:27:48.265-03:00  INFO [users-ws, 654468adb25914041c907f05deab0c45, 2c70cb5967173788] 95940 --- [springCloudBus.anonymous._TkmI0BhTCWtL03_heZE1w-1] com.netflix.discovery.DiscoveryClient    : Saw local status change event StatusChangeEvent [timestamp=1698982068265, current=UP, previous=DOWN]
2023-11-03T00:27:48.266-03:00  INFO [users-ws, 654468adb25914041c907f05deab0c45, 2c70cb5967173788] 95940 --- [springCloudBus.anonymous._TkmI0BhTCWtL03_heZE1w-1] o.s.cloud.bus.event.RefreshListener      : Keys refreshed []
2023-11-03T00:27:48.274-03:00  INFO [users-ws, , ] 95940 --- [DiscoveryClient-InstanceInfoReplicator-0] com.netflix.discovery.DiscoveryClient    : DiscoveryClient_USERS-WS/users-ws:16d72811-3b55-4965-91ed-5518c2399ed1 - registration status: 204
2023-11-03T00:27:48.313-03:00  INFO [users-ws, 654468adb25914041c907f05deab0c45, 2c70cb5967173788] 95940 --- [springCloudBus.anonymous._TkmI0BhTCWtL03_heZE1w-1] o.s.c.s.m.DirectWithAttributesChannel    : Channel 'unknown.channel.name' has 1 subscriber(s).
2023-11-03T00:27:48.322-03:00  INFO [users-ws, 654468adb25914041c907f05deab0c45, 2c70cb5967173788] 95940 --- [springCloudBus.anonymous._TkmI0BhTCWtL03_heZE1w-1] o.s.a.r.c.CachingConnectionFactory       : Attempting to connect to: [localhost:5672]
2023-11-03T00:27:48.327-03:00  INFO [users-ws, 654468adb25914041c907f05deab0c45, 2c70cb5967173788] 95940 --- [springCloudBus.anonymous._TkmI0BhTCWtL03_heZE1w-1] o.s.a.r.c.CachingConnectionFactory       : Created new connection: rabbitConnectionFactory.publisher#195928a0:0/SimpleConnection@3cdd0731 [delegate=amqp://guest@127.0.0.1:5672/, localPort=59882]
2023-11-03T00:27:48.331-03:00  INFO [users-ws, 654468adb25914041c907f05deab0c45, 2c70cb5967173788] 95940 --- [springCloudBus.anonymous._TkmI0BhTCWtL03_heZE1w-1] o.s.amqp.rabbit.core.RabbitAdmin         : Auto-declaring a non-durable, auto-delete, or exclusive Queue (springCloudBus.anonymous._TkmI0BhTCWtL03_heZE1w) durable:false, auto-delete:true, exclusive:true. It will be redeclared if the broker stops and is restarted while the connection factory is alive, but all messages will be lost.
2023-11-03T00:27:49.414-03:00 DEBUG [users-ws, 654468b5d796b295ac43939923478dd6, bbaffde4e8946ef2] 95940 --- [http-nio-auto-1-exec-2] c.p.users.services.impl.UserServiceImpl  : Before calling albums microservice
2023-11-03T00:27:49.415-03:00 DEBUG [users-ws, 654468b5d796b295ac43939923478dd6, bbaffde4e8946ef2] 95940 --- [http-nio-auto-1-exec-2] com.pblgllgs.users.clients.AlbumClient   : [AlbumClient#findAllAlbums] ---> GET http://albums-ws/users/4a0e147a-1c90-4946-a27c-6c9e3bf21c46/albums HTTP/1.1
2023-11-03T00:27:49.415-03:00 DEBUG [users-ws, 654468b5d796b295ac43939923478dd6, bbaffde4e8946ef2] 95940 --- [http-nio-auto-1-exec-2] com.pblgllgs.users.clients.AlbumClient   : [AlbumClient#findAllAlbums] ---> END HTTP (0-byte body)
2023-11-03T00:27:49.422-03:00 DEBUG [users-ws, 654468b5d796b295ac43939923478dd6, bbaffde4e8946ef2] 95940 --- [http-nio-auto-1-exec-2] com.pblgllgs.users.clients.AlbumClient   : [AlbumClient#findAllAlbums] <--- HTTP/1.1 200 (7ms)
2023-11-03T00:27:49.422-03:00 DEBUG [users-ws, 654468b5d796b295ac43939923478dd6, bbaffde4e8946ef2] 95940 --- [http-nio-auto-1-exec-2] com.pblgllgs.users.clients.AlbumClient   : [AlbumClient#findAllAlbums] connection: keep-alive
2023-11-03T00:27:49.422-03:00 DEBUG [users-ws, 654468b5d796b295ac43939923478dd6, bbaffde4e8946ef2] 95940 --- [http-nio-auto-1-exec-2] com.pblgllgs.users.clients.AlbumClient   : [AlbumClient#findAllAlbums] content-type: application/json
2023-11-03T00:27:49.422-03:00 DEBUG [users-ws, 654468b5d796b295ac43939923478dd6, bbaffde4e8946ef2] 95940 --- [http-nio-auto-1-exec-2] com.pblgllgs.users.clients.AlbumClient   : [AlbumClient#findAllAlbums] date: Fri, 03 Nov 2023 03:27:49 GMT
2023-11-03T00:27:49.422-03:00 DEBUG [users-ws, 654468b5d796b295ac43939923478dd6, bbaffde4e8946ef2] 95940 --- [http-nio-auto-1-exec-2] com.pblgllgs.users.clients.AlbumClient   : [AlbumClient#findAllAlbums] keep-alive: timeout=60
2023-11-03T00:27:49.422-03:00 DEBUG [users-ws, 654468b5d796b295ac43939923478dd6, bbaffde4e8946ef2] 95940 --- [http-nio-auto-1-exec-2] com.pblgllgs.users.clients.AlbumClient   : [AlbumClient#findAllAlbums] transfer-encoding: chunked
2023-11-03T00:27:49.422-03:00 DEBUG [users-ws, 654468b5d796b295ac43939923478dd6, bbaffde4e8946ef2] 95940 --- [http-nio-auto-1-exec-2] com.pblgllgs.users.clients.AlbumClient   : [AlbumClient#findAllAlbums] 
2023-11-03T00:27:49.423-03:00 DEBUG [users-ws, 654468b5d796b295ac43939923478dd6, bbaffde4e8946ef2] 95940 --- [http-nio-auto-1-exec-2] com.pblgllgs.users.clients.AlbumClient   : [AlbumClient#findAllAlbums] [{"id":1,"albumId":"264af8cd-c920-41a2-843e-7b18927c4359","userId":"4a0e147a-1c90-4946-a27c-6c9e3bf21c46","name":"white","description":"Voluptatibus qui mollitia iure eum voluptatem nemo non nihil sapiente."},{"id":2,"albumId":"ff0757db-e53f-416b-a3a0-8f035c382e1c","userId":"4a0e147a-1c90-4946-a27c-6c9e3bf21c46","name":"salmon","description":"Reprehenderit suscipit vitae."},{"id":3,"albumId":"d69a8617-ab97-4ee1-a2a0-998ee9edc2dc","userId":"4a0e147a-1c90-4946-a27c-6c9e3bf21c46","name":"olive","description":"Nemo quis dolores illum vero voluptatem officia sunt id alias."},{"id":4,"albumId":"11083783-b9e2-4a2a-b98a-4c2696872dc2","userId":"4a0e147a-1c90-4946-a27c-6c9e3bf21c46","name":"lavender","description":"Vero inventore sint minima nihil qui."},{"id":5,"albumId":"d1e8536e-4ddd-45b1-b938-1bae124bb411","userId":"4a0e147a-1c90-4946-a27c-6c9e3bf21c46","name":"tan","description":"Praesentium excepturi quasi est ipsum illo."}]
2023-11-03T00:27:49.423-03:00 DEBUG [users-ws, 654468b5d796b295ac43939923478dd6, bbaffde4e8946ef2] 95940 --- [http-nio-auto-1-exec-2] com.pblgllgs.users.clients.AlbumClient   : [AlbumClient#findAllAlbums] <--- END HTTP (934-byte body)
2023-11-03T00:27:49.423-03:00 DEBUG [users-ws, 654468b5d796b295ac43939923478dd6, bbaffde4e8946ef2] 95940 --- [http-nio-auto-1-exec-2] c.p.users.services.impl.UserServiceImpl  : After calling albums microservice
2023-11-03T00:27:51.923-03:00 DEBUG [users-ws, 654468b78292a279867d4fabeca41619, fbfec80dab38032f] 95940 --- [http-nio-auto-1-exec-3] c.p.users.services.impl.UserServiceImpl  : Before calling albums microservice
2023-11-03T00:27:51.923-03:00 DEBUG [users-ws, 654468b78292a279867d4fabeca41619, fbfec80dab38032f] 95940 --- [http-nio-auto-1-exec-3] com.pblgllgs.users.clients.AlbumClient   : [AlbumClient#findAllAlbums] ---> GET http://albums-ws/users/4a0e147a-1c90-4946-a27c-6c9e3bf21c46/albums HTTP/1.1
2023-11-03T00:27:51.923-03:00 DEBUG [users-ws, 654468b78292a279867d4fabeca41619, fbfec80dab38032f] 95940 --- [http-nio-auto-1-exec-3] com.pblgllgs.users.clients.AlbumClient   : [AlbumClient#findAllAlbums] ---> END HTTP (0-byte body)
2023-11-03T00:27:51.930-03:00 DEBUG [users-ws, 654468b78292a279867d4fabeca41619, fbfec80dab38032f] 95940 --- [http-nio-auto-1-exec-3] com.pblgllgs.users.clients.AlbumClient   : [AlbumClient#findAllAlbums] <--- HTTP/1.1 200 (6ms)
2023-11-03T00:27:51.930-03:00 DEBUG [users-ws, 654468b78292a279867d4fabeca41619, fbfec80dab38032f] 95940 --- [http-nio-auto-1-exec-3] com.pblgllgs.users.clients.AlbumClient   : [AlbumClient#findAllAlbums] connection: keep-alive
2023-11-03T00:27:51.930-03:00 DEBUG [users-ws, 654468b78292a279867d4fabeca41619, fbfec80dab38032f] 95940 --- [http-nio-auto-1-exec-3] com.pblgllgs.users.clients.AlbumClient   : [AlbumClient#findAllAlbums] content-type: application/json
2023-11-03T00:27:51.930-03:00 DEBUG [users-ws, 654468b78292a279867d4fabeca41619, fbfec80dab38032f] 95940 --- [http-nio-auto-1-exec-3] com.pblgllgs.users.clients.AlbumClient   : [AlbumClient#findAllAlbums] date: Fri, 03 Nov 2023 03:27:51 GMT
2023-11-03T00:27:51.930-03:00 DEBUG [users-ws, 654468b78292a279867d4fabeca41619, fbfec80dab38032f] 95940 --- [http-nio-auto-1-exec-3] com.pblgllgs.users.clients.AlbumClient   : [AlbumClient#findAllAlbums] keep-alive: timeout=60
2023-11-03T00:27:51.930-03:00 DEBUG [users-ws, 654468b78292a279867d4fabeca41619, fbfec80dab38032f] 95940 --- [http-nio-auto-1-exec-3] com.pblgllgs.users.clients.AlbumClient   : [AlbumClient#findAllAlbums] transfer-encoding: chunked
2023-11-03T00:27:51.930-03:00 DEBUG [users-ws, 654468b78292a279867d4fabeca41619, fbfec80dab38032f] 95940 --- [http-nio-auto-1-exec-3] com.pblgllgs.users.clients.AlbumClient   : [AlbumClient#findAllAlbums] 
2023-11-03T00:27:51.930-03:00 DEBUG [users-ws, 654468b78292a279867d4fabeca41619, fbfec80dab38032f] 95940 --- [http-nio-auto-1-exec-3] com.pblgllgs.users.clients.AlbumClient   : [AlbumClient#findAllAlbums] [{"id":1,"albumId":"264af8cd-c920-41a2-843e-7b18927c4359","userId":"4a0e147a-1c90-4946-a27c-6c9e3bf21c46","name":"white","description":"Voluptatibus qui mollitia iure eum voluptatem nemo non nihil sapiente."},{"id":2,"albumId":"ff0757db-e53f-416b-a3a0-8f035c382e1c","userId":"4a0e147a-1c90-4946-a27c-6c9e3bf21c46","name":"salmon","description":"Reprehenderit suscipit vitae."},{"id":3,"albumId":"d69a8617-ab97-4ee1-a2a0-998ee9edc2dc","userId":"4a0e147a-1c90-4946-a27c-6c9e3bf21c46","name":"olive","description":"Nemo quis dolores illum vero voluptatem officia sunt id alias."},{"id":4,"albumId":"11083783-b9e2-4a2a-b98a-4c2696872dc2","userId":"4a0e147a-1c90-4946-a27c-6c9e3bf21c46","name":"lavender","description":"Vero inventore sint minima nihil qui."},{"id":5,"albumId":"d1e8536e-4ddd-45b1-b938-1bae124bb411","userId":"4a0e147a-1c90-4946-a27c-6c9e3bf21c46","name":"tan","description":"Praesentium excepturi quasi est ipsum illo."}]
2023-11-03T00:27:51.930-03:00 DEBUG [users-ws, 654468b78292a279867d4fabeca41619, fbfec80dab38032f] 95940 --- [http-nio-auto-1-exec-3] com.pblgllgs.users.clients.AlbumClient   : [AlbumClient#findAllAlbums] <--- END HTTP (934-byte body)
2023-11-03T00:27:51.931-03:00 DEBUG [users-ws, 654468b78292a279867d4fabeca41619, fbfec80dab38032f] 95940 --- [http-nio-auto-1-exec-3] c.p.users.services.impl.UserServiceImpl  : After calling albums microservice
2023-11-03T00:28:20.903-03:00 DEBUG [users-ws, 654468d45703a205c79bd8d5242a8c43, ef5a55a8ab5952ec] 95940 --- [http-nio-auto-1-exec-4] c.p.users.services.impl.UserServiceImpl  : Before calling albums microservice
2023-11-03T00:28:20.903-03:00 DEBUG [users-ws, 654468d45703a205c79bd8d5242a8c43, ef5a55a8ab5952ec] 95940 --- [http-nio-auto-1-exec-4] com.pblgllgs.users.clients.AlbumClient   : [AlbumClient#findAllAlbums] ---> GET http://albums-ws/users/4a0e147a-1c90-4946-a27c-6c9e3bf21c46/albums HTTP/1.1
2023-11-03T00:28:20.903-03:00 DEBUG [users-ws, 654468d45703a205c79bd8d5242a8c43, ef5a55a8ab5952ec] 95940 --- [http-nio-auto-1-exec-4] com.pblgllgs.users.clients.AlbumClient   : [AlbumClient#findAllAlbums] ---> END HTTP (0-byte body)
2023-11-03T00:28:20.911-03:00 DEBUG [users-ws, 654468d45703a205c79bd8d5242a8c43, ef5a55a8ab5952ec] 95940 --- [http-nio-auto-1-exec-4] com.pblgllgs.users.clients.AlbumClient   : [AlbumClient#findAllAlbums] <--- HTTP/1.1 200 (7ms)
2023-11-03T00:28:20.911-03:00 DEBUG [users-ws, 654468d45703a205c79bd8d5242a8c43, ef5a55a8ab5952ec] 95940 --- [http-nio-auto-1-exec-4] com.pblgllgs.users.clients.AlbumClient   : [AlbumClient#findAllAlbums] connection: keep-alive
2023-11-03T00:28:20.911-03:00 DEBUG [users-ws, 654468d45703a205c79bd8d5242a8c43, ef5a55a8ab5952ec] 95940 --- [http-nio-auto-1-exec-4] com.pblgllgs.users.clients.AlbumClient   : [AlbumClient#findAllAlbums] content-type: application/json
2023-11-03T00:28:20.911-03:00 DEBUG [users-ws, 654468d45703a205c79bd8d5242a8c43, ef5a55a8ab5952ec] 95940 --- [http-nio-auto-1-exec-4] com.pblgllgs.users.clients.AlbumClient   : [AlbumClient#findAllAlbums] date: Fri, 03 Nov 2023 03:28:20 GMT
2023-11-03T00:28:20.911-03:00 DEBUG [users-ws, 654468d45703a205c79bd8d5242a8c43, ef5a55a8ab5952ec] 95940 --- [http-nio-auto-1-exec-4] com.pblgllgs.users.clients.AlbumClient   : [AlbumClient#findAllAlbums] keep-alive: timeout=60
2023-11-03T00:28:20.911-03:00 DEBUG [users-ws, 654468d45703a205c79bd8d5242a8c43, ef5a55a8ab5952ec] 95940 --- [http-nio-auto-1-exec-4] com.pblgllgs.users.clients.AlbumClient   : [AlbumClient#findAllAlbums] transfer-encoding: chunked
2023-11-03T00:28:20.911-03:00 DEBUG [users-ws, 654468d45703a205c79bd8d5242a8c43, ef5a55a8ab5952ec] 95940 --- [http-nio-auto-1-exec-4] com.pblgllgs.users.clients.AlbumClient   : [AlbumClient#findAllAlbums] 
2023-11-03T00:28:20.911-03:00 DEBUG [users-ws, 654468d45703a205c79bd8d5242a8c43, ef5a55a8ab5952ec] 95940 --- [http-nio-auto-1-exec-4] com.pblgllgs.users.clients.AlbumClient   : [AlbumClient#findAllAlbums] [{"id":1,"albumId":"264af8cd-c920-41a2-843e-7b18927c4359","userId":"4a0e147a-1c90-4946-a27c-6c9e3bf21c46","name":"white","description":"Voluptatibus qui mollitia iure eum voluptatem nemo non nihil sapiente."},{"id":2,"albumId":"ff0757db-e53f-416b-a3a0-8f035c382e1c","userId":"4a0e147a-1c90-4946-a27c-6c9e3bf21c46","name":"salmon","description":"Reprehenderit suscipit vitae."},{"id":3,"albumId":"d69a8617-ab97-4ee1-a2a0-998ee9edc2dc","userId":"4a0e147a-1c90-4946-a27c-6c9e3bf21c46","name":"olive","description":"Nemo quis dolores illum vero voluptatem officia sunt id alias."},{"id":4,"albumId":"11083783-b9e2-4a2a-b98a-4c2696872dc2","userId":"4a0e147a-1c90-4946-a27c-6c9e3bf21c46","name":"lavender","description":"Vero inventore sint minima nihil qui."},{"id":5,"albumId":"d1e8536e-4ddd-45b1-b938-1bae124bb411","userId":"4a0e147a-1c90-4946-a27c-6c9e3bf21c46","name":"tan","description":"Praesentium excepturi quasi est ipsum illo."}]
2023-11-03T00:28:20.911-03:00 DEBUG [users-ws, 654468d45703a205c79bd8d5242a8c43, ef5a55a8ab5952ec] 95940 --- [http-nio-auto-1-exec-4] com.pblgllgs.users.clients.AlbumClient   : [AlbumClient#findAllAlbums] <--- END HTTP (934-byte body)
2023-11-03T00:28:20.911-03:00 DEBUG [users-ws, 654468d45703a205c79bd8d5242a8c43, ef5a55a8ab5952ec] 95940 --- [http-nio-auto-1-exec-4] c.p.users.services.impl.UserServiceImpl  : After calling albums microservice
2023-11-03T00:28:44.321-03:00 DEBUG [users-ws, 654468ec09cbfc6243f2d3ae7593b2fb, 1c3f8e7f0c890f44] 95940 --- [http-nio-auto-1-exec-5] c.p.users.services.impl.UserServiceImpl  : Before calling albums microservice
2023-11-03T00:28:44.321-03:00 DEBUG [users-ws, 654468ec09cbfc6243f2d3ae7593b2fb, 1c3f8e7f0c890f44] 95940 --- [http-nio-auto-1-exec-5] com.pblgllgs.users.clients.AlbumClient   : [AlbumClient#findAllAlbums] ---> GET http://albums-ws/users/4a0e147a-1c90-4946-a27c-6c9e3bf21c46/albums HTTP/1.1
2023-11-03T00:28:44.321-03:00 DEBUG [users-ws, 654468ec09cbfc6243f2d3ae7593b2fb, 1c3f8e7f0c890f44] 95940 --- [http-nio-auto-1-exec-5] com.pblgllgs.users.clients.AlbumClient   : [AlbumClient#findAllAlbums] ---> END HTTP (0-byte body)
2023-11-03T00:28:44.329-03:00 DEBUG [users-ws, 654468ec09cbfc6243f2d3ae7593b2fb, 1c3f8e7f0c890f44] 95940 --- [http-nio-auto-1-exec-5] com.pblgllgs.users.clients.AlbumClient   : [AlbumClient#findAllAlbums] <--- HTTP/1.1 200 (7ms)
2023-11-03T00:28:44.329-03:00 DEBUG [users-ws, 654468ec09cbfc6243f2d3ae7593b2fb, 1c3f8e7f0c890f44] 95940 --- [http-nio-auto-1-exec-5] com.pblgllgs.users.clients.AlbumClient   : [AlbumClient#findAllAlbums] connection: keep-alive
2023-11-03T00:28:44.329-03:00 DEBUG [users-ws, 654468ec09cbfc6243f2d3ae7593b2fb, 1c3f8e7f0c890f44] 95940 --- [http-nio-auto-1-exec-5] com.pblgllgs.users.clients.AlbumClient   : [AlbumClient#findAllAlbums] content-type: application/json
2023-11-03T00:28:44.329-03:00 DEBUG [users-ws, 654468ec09cbfc6243f2d3ae7593b2fb, 1c3f8e7f0c890f44] 95940 --- [http-nio-auto-1-exec-5] com.pblgllgs.users.clients.AlbumClient   : [AlbumClient#findAllAlbums] date: Fri, 03 Nov 2023 03:28:44 GMT
2023-11-03T00:28:44.329-03:00 DEBUG [users-ws, 654468ec09cbfc6243f2d3ae7593b2fb, 1c3f8e7f0c890f44] 95940 --- [http-nio-auto-1-exec-5] com.pblgllgs.users.clients.AlbumClient   : [AlbumClient#findAllAlbums] keep-alive: timeout=60
2023-11-03T00:28:44.329-03:00 DEBUG [users-ws, 654468ec09cbfc6243f2d3ae7593b2fb, 1c3f8e7f0c890f44] 95940 --- [http-nio-auto-1-exec-5] com.pblgllgs.users.clients.AlbumClient   : [AlbumClient#findAllAlbums] transfer-encoding: chunked
2023-11-03T00:28:44.329-03:00 DEBUG [users-ws, 654468ec09cbfc6243f2d3ae7593b2fb, 1c3f8e7f0c890f44] 95940 --- [http-nio-auto-1-exec-5] com.pblgllgs.users.clients.AlbumClient   : [AlbumClient#findAllAlbums] 
2023-11-03T00:28:44.330-03:00 DEBUG [users-ws, 654468ec09cbfc6243f2d3ae7593b2fb, 1c3f8e7f0c890f44] 95940 --- [http-nio-auto-1-exec-5] com.pblgllgs.users.clients.AlbumClient   : [AlbumClient#findAllAlbums] [{"id":1,"albumId":"264af8cd-c920-41a2-843e-7b18927c4359","userId":"4a0e147a-1c90-4946-a27c-6c9e3bf21c46","name":"white","description":"Voluptatibus qui mollitia iure eum voluptatem nemo non nihil sapiente."},{"id":2,"albumId":"ff0757db-e53f-416b-a3a0-8f035c382e1c","userId":"4a0e147a-1c90-4946-a27c-6c9e3bf21c46","name":"salmon","description":"Reprehenderit suscipit vitae."},{"id":3,"albumId":"d69a8617-ab97-4ee1-a2a0-998ee9edc2dc","userId":"4a0e147a-1c90-4946-a27c-6c9e3bf21c46","name":"olive","description":"Nemo quis dolores illum vero voluptatem officia sunt id alias."},{"id":4,"albumId":"11083783-b9e2-4a2a-b98a-4c2696872dc2","userId":"4a0e147a-1c90-4946-a27c-6c9e3bf21c46","name":"lavender","description":"Vero inventore sint minima nihil qui."},{"id":5,"albumId":"d1e8536e-4ddd-45b1-b938-1bae124bb411","userId":"4a0e147a-1c90-4946-a27c-6c9e3bf21c46","name":"tan","description":"Praesentium excepturi quasi est ipsum illo."}]
2023-11-03T00:28:44.330-03:00 DEBUG [users-ws, 654468ec09cbfc6243f2d3ae7593b2fb, 1c3f8e7f0c890f44] 95940 --- [http-nio-auto-1-exec-5] com.pblgllgs.users.clients.AlbumClient   : [AlbumClient#findAllAlbums] <--- END HTTP (934-byte body)
2023-11-03T00:28:44.330-03:00 DEBUG [users-ws, 654468ec09cbfc6243f2d3ae7593b2fb, 1c3f8e7f0c890f44] 95940 --- [http-nio-auto-1-exec-5] c.p.users.services.impl.UserServiceImpl  : After calling albums microservice
2023-11-03T00:32:48.244-03:00  INFO [users-ws, , ] 95940 --- [AsyncResolver-bootstrap-executor-0] c.n.d.s.r.aws.ConfigClusterResolver      : Resolving eureka endpoints via configuration
2023-11-03T00:35:19.767-03:00 DEBUG [users-ws, 65446a77b93c1adfa92beb376e4c64fa, 6ca6bc5ba8cd6802] 95940 --- [http-nio-auto-1-exec-7] c.p.users.services.impl.UserServiceImpl  : Before calling albums microservice
2023-11-03T00:35:19.768-03:00 DEBUG [users-ws, 65446a77b93c1adfa92beb376e4c64fa, 6ca6bc5ba8cd6802] 95940 --- [http-nio-auto-1-exec-7] com.pblgllgs.users.clients.AlbumClient   : [AlbumClient#findAllAlbums] ---> GET http://albums-ws/users/4a0e147a-1c90-4946-a27c-6c9e3bf21c46/albums HTTP/1.1
2023-11-03T00:35:19.768-03:00 DEBUG [users-ws, 65446a77b93c1adfa92beb376e4c64fa, 6ca6bc5ba8cd6802] 95940 --- [http-nio-auto-1-exec-7] com.pblgllgs.users.clients.AlbumClient   : [AlbumClient#findAllAlbums] ---> END HTTP (0-byte body)
2023-11-03T00:35:19.781-03:00 DEBUG [users-ws, 65446a77b93c1adfa92beb376e4c64fa, 6ca6bc5ba8cd6802] 95940 --- [http-nio-auto-1-exec-7] com.pblgllgs.users.clients.AlbumClient   : [AlbumClient#findAllAlbums] <--- HTTP/1.1 200 (13ms)
2023-11-03T00:35:19.781-03:00 DEBUG [users-ws, 65446a77b93c1adfa92beb376e4c64fa, 6ca6bc5ba8cd6802] 95940 --- [http-nio-auto-1-exec-7] com.pblgllgs.users.clients.AlbumClient   : [AlbumClient#findAllAlbums] connection: keep-alive
2023-11-03T00:35:19.781-03:00 DEBUG [users-ws, 65446a77b93c1adfa92beb376e4c64fa, 6ca6bc5ba8cd6802] 95940 --- [http-nio-auto-1-exec-7] com.pblgllgs.users.clients.AlbumClient   : [AlbumClient#findAllAlbums] content-type: application/json
2023-11-03T00:35:19.781-03:00 DEBUG [users-ws, 65446a77b93c1adfa92beb376e4c64fa, 6ca6bc5ba8cd6802] 95940 --- [http-nio-auto-1-exec-7] com.pblgllgs.users.clients.AlbumClient   : [AlbumClient#findAllAlbums] date: Fri, 03 Nov 2023 03:35:19 GMT
2023-11-03T00:35:19.781-03:00 DEBUG [users-ws, 65446a77b93c1adfa92beb376e4c64fa, 6ca6bc5ba8cd6802] 95940 --- [http-nio-auto-1-exec-7] com.pblgllgs.users.clients.AlbumClient   : [AlbumClient#findAllAlbums] keep-alive: timeout=60
2023-11-03T00:35:19.781-03:00 DEBUG [users-ws, 65446a77b93c1adfa92beb376e4c64fa, 6ca6bc5ba8cd6802] 95940 --- [http-nio-auto-1-exec-7] com.pblgllgs.users.clients.AlbumClient   : [AlbumClient#findAllAlbums] transfer-encoding: chunked
2023-11-03T00:35:19.781-03:00 DEBUG [users-ws, 65446a77b93c1adfa92beb376e4c64fa, 6ca6bc5ba8cd6802] 95940 --- [http-nio-auto-1-exec-7] com.pblgllgs.users.clients.AlbumClient   : [AlbumClient#findAllAlbums] 
2023-11-03T00:35:19.781-03:00 DEBUG [users-ws, 65446a77b93c1adfa92beb376e4c64fa, 6ca6bc5ba8cd6802] 95940 --- [http-nio-auto-1-exec-7] com.pblgllgs.users.clients.AlbumClient   : [AlbumClient#findAllAlbums] [{"id":1,"albumId":"264af8cd-c920-41a2-843e-7b18927c4359","userId":"4a0e147a-1c90-4946-a27c-6c9e3bf21c46","name":"white","description":"Voluptatibus qui mollitia iure eum voluptatem nemo non nihil sapiente."},{"id":2,"albumId":"ff0757db-e53f-416b-a3a0-8f035c382e1c","userId":"4a0e147a-1c90-4946-a27c-6c9e3bf21c46","name":"salmon","description":"Reprehenderit suscipit vitae."},{"id":3,"albumId":"d69a8617-ab97-4ee1-a2a0-998ee9edc2dc","userId":"4a0e147a-1c90-4946-a27c-6c9e3bf21c46","name":"olive","description":"Nemo quis dolores illum vero voluptatem officia sunt id alias."},{"id":4,"albumId":"11083783-b9e2-4a2a-b98a-4c2696872dc2","userId":"4a0e147a-1c90-4946-a27c-6c9e3bf21c46","name":"lavender","description":"Vero inventore sint minima nihil qui."},{"id":5,"albumId":"d1e8536e-4ddd-45b1-b938-1bae124bb411","userId":"4a0e147a-1c90-4946-a27c-6c9e3bf21c46","name":"tan","description":"Praesentium excepturi quasi est ipsum illo."}]
2023-11-03T00:35:19.781-03:00 DEBUG [users-ws, 65446a77b93c1adfa92beb376e4c64fa, 6ca6bc5ba8cd6802] 95940 --- [http-nio-auto-1-exec-7] com.pblgllgs.users.clients.AlbumClient   : [AlbumClient#findAllAlbums] <--- END HTTP (934-byte body)
2023-11-03T00:35:19.782-03:00 DEBUG [users-ws, 65446a77b93c1adfa92beb376e4c64fa, 6ca6bc5ba8cd6802] 95940 --- [http-nio-auto-1-exec-7] c.p.users.services.impl.UserServiceImpl  : After calling albums microservice
2023-11-03T00:36:04.154-03:00  INFO [users-ws, , ] 95940 --- [SpringApplicationShutdownHook] o.s.c.n.e.s.EurekaServiceRegistry        : Unregistering application USERS-WS with eureka with status DOWN
2023-11-03T00:36:04.154-03:00  INFO [users-ws, , ] 95940 --- [SpringApplicationShutdownHook] com.netflix.discovery.DiscoveryClient    : Saw local status change event StatusChangeEvent [timestamp=1698982564154, current=DOWN, previous=UP]
2023-11-03T00:36:04.154-03:00  INFO [users-ws, , ] 95940 --- [DiscoveryClient-InstanceInfoReplicator-0] com.netflix.discovery.DiscoveryClient    : DiscoveryClient_USERS-WS/users-ws:16d72811-3b55-4965-91ed-5518c2399ed1: registering service...
2023-11-03T00:36:04.157-03:00  INFO [users-ws, , ] 95940 --- [DiscoveryClient-InstanceInfoReplicator-0] com.netflix.discovery.DiscoveryClient    : DiscoveryClient_USERS-WS/users-ws:16d72811-3b55-4965-91ed-5518c2399ed1 - registration status: 204
2023-11-03T00:36:04.166-03:00  INFO [users-ws, , ] 95940 --- [SpringApplicationShutdownHook] o.s.a.r.l.SimpleMessageListenerContainer : Waiting for workers to finish.
2023-11-03T00:36:04.782-03:00  INFO [users-ws, , ] 95940 --- [SpringApplicationShutdownHook] o.s.a.r.l.SimpleMessageListenerContainer : Successfully waited for workers to finish.
2023-11-03T00:36:04.782-03:00  INFO [users-ws, , ] 95940 --- [SpringApplicationShutdownHook] o.s.i.a.i.AmqpInboundChannelAdapter      : stopped bean 'inbound.springCloudBus.anonymous._TkmI0BhTCWtL03_heZE1w'
2023-11-03T00:36:04.788-03:00  INFO [users-ws, , ] 95940 --- [SpringApplicationShutdownHook] o.s.c.stream.binder.BinderErrorChannel   : Channel 'users-ws.rabbit-1500687165.springCloudBusInput.errors' has 1 subscriber(s).
2023-11-03T00:36:04.819-03:00  INFO [users-ws, , ] 95940 --- [SpringApplicationShutdownHook] o.s.i.endpoint.EventDrivenConsumer       : Removing {logging-channel-adapter:_org.springframework.integration.errorLogger} as a subscriber to the 'errorChannel' channel
2023-11-03T00:36:04.819-03:00  INFO [users-ws, , ] 95940 --- [SpringApplicationShutdownHook] o.s.i.channel.PublishSubscribeChannel    : Channel 'users-ws.errorChannel' has 0 subscriber(s).
2023-11-03T00:36:04.819-03:00  INFO [users-ws, , ] 95940 --- [SpringApplicationShutdownHook] o.s.i.endpoint.EventDrivenConsumer       : stopped bean '_org.springframework.integration.errorLogger'
2023-11-03T00:36:06.901-03:00  INFO [users-ws, , ] 95940 --- [SpringApplicationShutdownHook] j.LocalContainerEntityManagerFactoryBean : Closing JPA EntityManagerFactory for persistence unit 'default'
2023-11-03T00:36:06.902-03:00  INFO [users-ws, , ] 95940 --- [SpringApplicationShutdownHook] com.zaxxer.hikari.HikariDataSource       : HikariPool-1 - Shutdown initiated...
2023-11-03T00:36:06.913-03:00  INFO [users-ws, , ] 95940 --- [SpringApplicationShutdownHook] com.zaxxer.hikari.HikariDataSource       : HikariPool-1 - Shutdown completed.
2023-11-03T00:36:07.529-03:00  INFO [users-ws, , ] 95940 --- [SpringApplicationShutdownHook] com.netflix.discovery.DiscoveryClient    : Shutting down DiscoveryClient ...
2023-11-03T00:36:10.548-03:00  INFO [users-ws, , ] 95940 --- [SpringApplicationShutdownHook] com.netflix.discovery.DiscoveryClient    : Unregistering ...
2023-11-03T00:36:10.552-03:00  INFO [users-ws, , ] 95940 --- [SpringApplicationShutdownHook] c.n.d.s.t.d.RedirectingEurekaHttpClient  : Request execution error. endpoint=DefaultEndpoint{ serviceUrl='http://localhost:8761/eureka/} exception=I/O error on DELETE request for "http://localhost:8761/eureka/apps/USERS-WS/users-ws:16d72811-3b55-4965-91ed-5518c2399ed1": Connect to http://localhost:8761 [localhost/127.0.0.1, localhost/0:0:0:0:0:0:0:1] failed: Connection refused: no further information stacktrace=org.springframework.web.client.ResourceAccessException: I/O error on DELETE request for "http://localhost:8761/eureka/apps/USERS-WS/users-ws:16d72811-3b55-4965-91ed-5518c2399ed1": Connect to http://localhost:8761 [localhost/127.0.0.1, localhost/0:0:0:0:0:0:0:1] failed: Connection refused: no further information
	at org.springframework.web.client.RestTemplate.createResourceAccessException(RestTemplate.java:888)
	at org.springframework.web.client.RestTemplate.doExecute(RestTemplate.java:868)
	at org.springframework.web.client.RestTemplate.execute(RestTemplate.java:764)
	at org.springframework.web.client.RestTemplate.exchange(RestTemplate.java:646)
	at org.springframework.cloud.netflix.eureka.http.RestTemplateEurekaHttpClient.cancel(RestTemplateEurekaHttpClient.java:91)
	at com.netflix.discovery.shared.transport.decorator.EurekaHttpClientDecorator$2.execute(EurekaHttpClientDecorator.java:74)
	at com.netflix.discovery.shared.transport.decorator.RedirectingEurekaHttpClient.execute(RedirectingEurekaHttpClient.java:91)
	at com.netflix.discovery.shared.transport.decorator.EurekaHttpClientDecorator.cancel(EurekaHttpClientDecorator.java:71)
	at com.netflix.discovery.shared.transport.decorator.EurekaHttpClientDecorator$2.execute(EurekaHttpClientDecorator.java:74)
	at com.netflix.discovery.shared.transport.decorator.RetryableEurekaHttpClient.execute(RetryableEurekaHttpClient.java:120)
	at com.netflix.discovery.shared.transport.decorator.EurekaHttpClientDecorator.cancel(EurekaHttpClientDecorator.java:71)
	at com.netflix.discovery.shared.transport.decorator.EurekaHttpClientDecorator$2.execute(EurekaHttpClientDecorator.java:74)
	at com.netflix.discovery.shared.transport.decorator.SessionedEurekaHttpClient.execute(SessionedEurekaHttpClient.java:77)
	at com.netflix.discovery.shared.transport.decorator.EurekaHttpClientDecorator.cancel(EurekaHttpClientDecorator.java:71)
	at com.netflix.discovery.DiscoveryClient.unregister(DiscoveryClient.java:916)
	at com.netflix.discovery.DiscoveryClient.shutdown(DiscoveryClient.java:892)
	at java.base/jdk.internal.reflect.NativeMethodAccessorImpl.invoke0(Native Method)
	at java.base/jdk.internal.reflect.NativeMethodAccessorImpl.invoke(NativeMethodAccessorImpl.java:77)
	at java.base/jdk.internal.reflect.DelegatingMethodAccessorImpl.invoke(DelegatingMethodAccessorImpl.java:43)
	at java.base/java.lang.reflect.Method.invoke(Method.java:568)
	at org.springframework.beans.factory.annotation.InitDestroyAnnotationBeanPostProcessor$LifecycleMethod.invoke(InitDestroyAnnotationBeanPostProcessor.java:457)
	at org.springframework.beans.factory.annotation.InitDestroyAnnotationBeanPostProcessor$LifecycleMetadata.invokeDestroyMethods(InitDestroyAnnotationBeanPostProcessor.java:415)
	at org.springframework.beans.factory.annotation.InitDestroyAnnotationBeanPostProcessor.postProcessBeforeDestruction(InitDestroyAnnotationBeanPostProcessor.java:239)
	at org.springframework.beans.factory.support.DisposableBeanAdapter.destroy(DisposableBeanAdapter.java:191)
	at org.springframework.beans.factory.support.DisposableBeanAdapter.run(DisposableBeanAdapter.java:184)
	at org.springframework.cloud.context.scope.GenericScope$BeanLifecycleWrapper.destroy(GenericScope.java:389)
	at org.springframework.cloud.context.scope.GenericScope.destroy(GenericScope.java:136)
	at org.springframework.beans.factory.support.DisposableBeanAdapter.destroy(DisposableBeanAdapter.java:200)
	at org.springframework.beans.factory.support.DefaultSingletonBeanRegistry.destroyBean(DefaultSingletonBeanRegistry.java:587)
	at org.springframework.beans.factory.support.DefaultSingletonBeanRegistry.destroySingleton(DefaultSingletonBeanRegistry.java:559)
	at org.springframework.beans.factory.support.DefaultListableBeanFactory.destroySingleton(DefaultListableBeanFactory.java:1189)
	at org.springframework.beans.factory.support.DefaultSingletonBeanRegistry.destroySingletons(DefaultSingletonBeanRegistry.java:520)
	at org.springframework.beans.factory.support.DefaultListableBeanFactory.destroySingletons(DefaultListableBeanFactory.java:1182)
	at org.springframework.context.support.AbstractApplicationContext.destroyBeans(AbstractApplicationContext.java:1118)
	at org.springframework.context.support.AbstractApplicationContext.doClose(AbstractApplicationContext.java:1084)
	at org.springframework.boot.web.servlet.context.ServletWebServerApplicationContext.doClose(ServletWebServerApplicationContext.java:173)
	at org.springframework.context.support.AbstractApplicationContext.close(AbstractApplicationContext.java:1035)
	at org.springframework.boot.SpringApplicationShutdownHook.closeAndWait(SpringApplicationShutdownHook.java:145)
	at java.base/java.lang.Iterable.forEach(Iterable.java:75)
	at org.springframework.boot.SpringApplicationShutdownHook.run(SpringApplicationShutdownHook.java:114)
	at java.base/java.lang.Thread.run(Thread.java:833)
Caused by: org.apache.hc.client5.http.HttpHostConnectException: Connect to http://localhost:8761 [localhost/127.0.0.1, localhost/0:0:0:0:0:0:0:1] failed: Connection refused: no further information
	at java.base/sun.nio.ch.Net.pollConnect(Native Method)
	at java.base/sun.nio.ch.Net.pollConnectNow(Net.java:672)
	at java.base/sun.nio.ch.NioSocketImpl.timedFinishConnect(NioSocketImpl.java:542)
	at java.base/sun.nio.ch.NioSocketImpl.connect(NioSocketImpl.java:597)
	at java.base/java.net.SocksSocketImpl.connect(SocksSocketImpl.java:327)
	at java.base/java.net.Socket.connect(Socket.java:633)
	at org.apache.hc.client5.http.socket.PlainConnectionSocketFactory.lambda$connectSocket$0(PlainConnectionSocketFactory.java:85)
	at java.base/java.security.AccessController.doPrivileged(AccessController.java:569)
	at org.apache.hc.client5.http.socket.PlainConnectionSocketFactory.connectSocket(PlainConnectionSocketFactory.java:84)
	at org.apache.hc.client5.http.socket.ConnectionSocketFactory.connectSocket(ConnectionSocketFactory.java:113)
	at org.apache.hc.client5.http.impl.io.DefaultHttpClientConnectionOperator.connect(DefaultHttpClientConnectionOperator.java:181)
	at org.apache.hc.client5.http.impl.io.PoolingHttpClientConnectionManager.connect(PoolingHttpClientConnectionManager.java:447)
	at org.apache.hc.client5.http.impl.classic.InternalExecRuntime.connectEndpoint(InternalExecRuntime.java:162)
	at org.apache.hc.client5.http.impl.classic.InternalExecRuntime.connectEndpoint(InternalExecRuntime.java:172)
	at org.apache.hc.client5.http.impl.classic.ConnectExec.execute(ConnectExec.java:142)
	at org.apache.hc.client5.http.impl.classic.ExecChainElement.execute(ExecChainElement.java:51)
	at org.apache.hc.client5.http.impl.classic.ProtocolExec.execute(ProtocolExec.java:192)
	at org.apache.hc.client5.http.impl.classic.ExecChainElement.execute(ExecChainElement.java:51)
	at org.apache.hc.client5.http.impl.classic.HttpRequestRetryExec.execute(HttpRequestRetryExec.java:96)
	at org.apache.hc.client5.http.impl.classic.ExecChainElement.execute(ExecChainElement.java:51)
	at org.apache.hc.client5.http.impl.classic.ContentCompressionExec.execute(ContentCompressionExec.java:152)
	at org.apache.hc.client5.http.impl.classic.ExecChainElement.execute(ExecChainElement.java:51)
	at org.apache.hc.client5.http.impl.classic.RedirectExec.execute(RedirectExec.java:115)
	at org.apache.hc.client5.http.impl.classic.ExecChainElement.execute(ExecChainElement.java:51)
	at org.apache.hc.client5.http.impl.classic.InternalHttpClient.doExecute(InternalHttpClient.java:170)
	at org.apache.hc.client5.http.impl.classic.CloseableHttpClient.execute(CloseableHttpClient.java:106)
	at org.apache.hc.client5.http.impl.classic.CloseableHttpClient.execute(CloseableHttpClient.java:55)
	at org.springframework.http.client.HttpComponentsClientHttpRequest.executeInternal(HttpComponentsClientHttpRequest.java:93)
	at org.springframework.http.client.AbstractBufferingClientHttpRequest.executeInternal(AbstractBufferingClientHttpRequest.java:48)
	at org.springframework.http.client.AbstractClientHttpRequest.execute(AbstractClientHttpRequest.java:66)
	at org.springframework.http.client.InterceptingClientHttpRequest$InterceptingRequestExecution.execute(InterceptingClientHttpRequest.java:101)
	at org.springframework.cloud.netflix.eureka.http.RestTemplateTransportClientFactory.lambda$restTemplate$0(RestTemplateTransportClientFactory.java:143)
	at org.springframework.http.client.InterceptingClientHttpRequest$InterceptingRequestExecution.execute(InterceptingClientHttpRequest.java:87)
	at org.springframework.http.client.InterceptingClientHttpRequest.executeInternal(InterceptingClientHttpRequest.java:71)
	at org.springframework.http.client.AbstractBufferingClientHttpRequest.executeInternal(AbstractBufferingClientHttpRequest.java:48)
	at org.springframework.http.client.AbstractClientHttpRequest.execute(AbstractClientHttpRequest.java:66)
	at org.springframework.web.client.RestTemplate.doExecute(RestTemplate.java:862)
	... 39 more

2023-11-03T00:36:10.553-03:00  WARN [users-ws, , ] 95940 --- [SpringApplicationShutdownHook] c.n.d.s.t.d.RetryableEurekaHttpClient    : Request execution failed with message: I/O error on DELETE request for "http://localhost:8761/eureka/apps/USERS-WS/users-ws:16d72811-3b55-4965-91ed-5518c2399ed1": Connect to http://localhost:8761 [localhost/127.0.0.1, localhost/0:0:0:0:0:0:0:1] failed: Connection refused: no further information
2023-11-03T00:36:10.557-03:00  INFO [users-ws, , ] 95940 --- [SpringApplicationShutdownHook] c.n.d.s.t.d.RedirectingEurekaHttpClient  : Request execution error. endpoint=DefaultEndpoint{ serviceUrl='http://localhost:8761/eureka/}, exception=I/O error on DELETE request for "http://localhost:8761/eureka/apps/USERS-WS/users-ws:16d72811-3b55-4965-91ed-5518c2399ed1": Connect to http://localhost:8761 [localhost/127.0.0.1, localhost/0:0:0:0:0:0:0:1] failed: Connection refused: no further information stacktrace=org.springframework.web.client.ResourceAccessException: I/O error on DELETE request for "http://localhost:8761/eureka/apps/USERS-WS/users-ws:16d72811-3b55-4965-91ed-5518c2399ed1": Connect to http://localhost:8761 [localhost/127.0.0.1, localhost/0:0:0:0:0:0:0:1] failed: Connection refused: no further information
	at org.springframework.web.client.RestTemplate.createResourceAccessException(RestTemplate.java:888)
	at org.springframework.web.client.RestTemplate.doExecute(RestTemplate.java:868)
	at org.springframework.web.client.RestTemplate.execute(RestTemplate.java:764)
	at org.springframework.web.client.RestTemplate.exchange(RestTemplate.java:646)
	at org.springframework.cloud.netflix.eureka.http.RestTemplateEurekaHttpClient.cancel(RestTemplateEurekaHttpClient.java:91)
	at com.netflix.discovery.shared.transport.decorator.EurekaHttpClientDecorator$2.execute(EurekaHttpClientDecorator.java:74)
	at com.netflix.discovery.shared.transport.decorator.RedirectingEurekaHttpClient.executeOnNewServer(RedirectingEurekaHttpClient.java:121)
	at com.netflix.discovery.shared.transport.decorator.RedirectingEurekaHttpClient.execute(RedirectingEurekaHttpClient.java:80)
	at com.netflix.discovery.shared.transport.decorator.EurekaHttpClientDecorator.cancel(EurekaHttpClientDecorator.java:71)
	at com.netflix.discovery.shared.transport.decorator.EurekaHttpClientDecorator$2.execute(EurekaHttpClientDecorator.java:74)
	at com.netflix.discovery.shared.transport.decorator.RetryableEurekaHttpClient.execute(RetryableEurekaHttpClient.java:120)
	at com.netflix.discovery.shared.transport.decorator.EurekaHttpClientDecorator.cancel(EurekaHttpClientDecorator.java:71)
	at com.netflix.discovery.shared.transport.decorator.EurekaHttpClientDecorator$2.execute(EurekaHttpClientDecorator.java:74)
	at com.netflix.discovery.shared.transport.decorator.SessionedEurekaHttpClient.execute(SessionedEurekaHttpClient.java:77)
	at com.netflix.discovery.shared.transport.decorator.EurekaHttpClientDecorator.cancel(EurekaHttpClientDecorator.java:71)
	at com.netflix.discovery.DiscoveryClient.unregister(DiscoveryClient.java:916)
	at com.netflix.discovery.DiscoveryClient.shutdown(DiscoveryClient.java:892)
	at java.base/jdk.internal.reflect.NativeMethodAccessorImpl.invoke0(Native Method)
	at java.base/jdk.internal.reflect.NativeMethodAccessorImpl.invoke(NativeMethodAccessorImpl.java:77)
	at java.base/jdk.internal.reflect.DelegatingMethodAccessorImpl.invoke(DelegatingMethodAccessorImpl.java:43)
	at java.base/java.lang.reflect.Method.invoke(Method.java:568)
	at org.springframework.beans.factory.annotation.InitDestroyAnnotationBeanPostProcessor$LifecycleMethod.invoke(InitDestroyAnnotationBeanPostProcessor.java:457)
	at org.springframework.beans.factory.annotation.InitDestroyAnnotationBeanPostProcessor$LifecycleMetadata.invokeDestroyMethods(InitDestroyAnnotationBeanPostProcessor.java:415)
	at org.springframework.beans.factory.annotation.InitDestroyAnnotationBeanPostProcessor.postProcessBeforeDestruction(InitDestroyAnnotationBeanPostProcessor.java:239)
	at org.springframework.beans.factory.support.DisposableBeanAdapter.destroy(DisposableBeanAdapter.java:191)
	at org.springframework.beans.factory.support.DisposableBeanAdapter.run(DisposableBeanAdapter.java:184)
	at org.springframework.cloud.context.scope.GenericScope$BeanLifecycleWrapper.destroy(GenericScope.java:389)
	at org.springframework.cloud.context.scope.GenericScope.destroy(GenericScope.java:136)
	at org.springframework.beans.factory.support.DisposableBeanAdapter.destroy(DisposableBeanAdapter.java:200)
	at org.springframework.beans.factory.support.DefaultSingletonBeanRegistry.destroyBean(DefaultSingletonBeanRegistry.java:587)
	at org.springframework.beans.factory.support.DefaultSingletonBeanRegistry.destroySingleton(DefaultSingletonBeanRegistry.java:559)
	at org.springframework.beans.factory.support.DefaultListableBeanFactory.destroySingleton(DefaultListableBeanFactory.java:1189)
	at org.springframework.beans.factory.support.DefaultSingletonBeanRegistry.destroySingletons(DefaultSingletonBeanRegistry.java:520)
	at org.springframework.beans.factory.support.DefaultListableBeanFactory.destroySingletons(DefaultListableBeanFactory.java:1182)
	at org.springframework.context.support.AbstractApplicationContext.destroyBeans(AbstractApplicationContext.java:1118)
	at org.springframework.context.support.AbstractApplicationContext.doClose(AbstractApplicationContext.java:1084)
	at org.springframework.boot.web.servlet.context.ServletWebServerApplicationContext.doClose(ServletWebServerApplicationContext.java:173)
	at org.springframework.context.support.AbstractApplicationContext.close(AbstractApplicationContext.java:1035)
	at org.springframework.boot.SpringApplicationShutdownHook.closeAndWait(SpringApplicationShutdownHook.java:145)
	at java.base/java.lang.Iterable.forEach(Iterable.java:75)
	at org.springframework.boot.SpringApplicationShutdownHook.run(SpringApplicationShutdownHook.java:114)
	at java.base/java.lang.Thread.run(Thread.java:833)
Caused by: org.apache.hc.client5.http.HttpHostConnectException: Connect to http://localhost:8761 [localhost/127.0.0.1, localhost/0:0:0:0:0:0:0:1] failed: Connection refused: no further information
	at java.base/sun.nio.ch.Net.pollConnect(Native Method)
	at java.base/sun.nio.ch.Net.pollConnectNow(Net.java:672)
	at java.base/sun.nio.ch.NioSocketImpl.timedFinishConnect(NioSocketImpl.java:542)
	at java.base/sun.nio.ch.NioSocketImpl.connect(NioSocketImpl.java:597)
	at java.base/java.net.SocksSocketImpl.connect(SocksSocketImpl.java:327)
	at java.base/java.net.Socket.connect(Socket.java:633)
	at org.apache.hc.client5.http.socket.PlainConnectionSocketFactory.lambda$connectSocket$0(PlainConnectionSocketFactory.java:85)
	at java.base/java.security.AccessController.doPrivileged(AccessController.java:569)
	at org.apache.hc.client5.http.socket.PlainConnectionSocketFactory.connectSocket(PlainConnectionSocketFactory.java:84)
	at org.apache.hc.client5.http.socket.ConnectionSocketFactory.connectSocket(ConnectionSocketFactory.java:113)
	at org.apache.hc.client5.http.impl.io.DefaultHttpClientConnectionOperator.connect(DefaultHttpClientConnectionOperator.java:181)
	at org.apache.hc.client5.http.impl.io.PoolingHttpClientConnectionManager.connect(PoolingHttpClientConnectionManager.java:447)
	at org.apache.hc.client5.http.impl.classic.InternalExecRuntime.connectEndpoint(InternalExecRuntime.java:162)
	at org.apache.hc.client5.http.impl.classic.InternalExecRuntime.connectEndpoint(InternalExecRuntime.java:172)
	at org.apache.hc.client5.http.impl.classic.ConnectExec.execute(ConnectExec.java:142)
	at org.apache.hc.client5.http.impl.classic.ExecChainElement.execute(ExecChainElement.java:51)
	at org.apache.hc.client5.http.impl.classic.ProtocolExec.execute(ProtocolExec.java:192)
	at org.apache.hc.client5.http.impl.classic.ExecChainElement.execute(ExecChainElement.java:51)
	at org.apache.hc.client5.http.impl.classic.HttpRequestRetryExec.execute(HttpRequestRetryExec.java:96)
	at org.apache.hc.client5.http.impl.classic.ExecChainElement.execute(ExecChainElement.java:51)
	at org.apache.hc.client5.http.impl.classic.ContentCompressionExec.execute(ContentCompressionExec.java:152)
	at org.apache.hc.client5.http.impl.classic.ExecChainElement.execute(ExecChainElement.java:51)
	at org.apache.hc.client5.http.impl.classic.RedirectExec.execute(RedirectExec.java:115)
	at org.apache.hc.client5.http.impl.classic.ExecChainElement.execute(ExecChainElement.java:51)
	at org.apache.hc.client5.http.impl.classic.InternalHttpClient.doExecute(InternalHttpClient.java:170)
	at org.apache.hc.client5.http.impl.classic.CloseableHttpClient.execute(CloseableHttpClient.java:106)
	at org.apache.hc.client5.http.impl.classic.CloseableHttpClient.execute(CloseableHttpClient.java:55)
	at org.springframework.http.client.HttpComponentsClientHttpRequest.executeInternal(HttpComponentsClientHttpRequest.java:93)
	at org.springframework.http.client.AbstractBufferingClientHttpRequest.executeInternal(AbstractBufferingClientHttpRequest.java:48)
	at org.springframework.http.client.AbstractClientHttpRequest.execute(AbstractClientHttpRequest.java:66)
	at org.springframework.http.client.InterceptingClientHttpRequest$InterceptingRequestExecution.execute(InterceptingClientHttpRequest.java:101)
	at org.springframework.cloud.netflix.eureka.http.RestTemplateTransportClientFactory.lambda$restTemplate$0(RestTemplateTransportClientFactory.java:143)
	at org.springframework.http.client.InterceptingClientHttpRequest$InterceptingRequestExecution.execute(InterceptingClientHttpRequest.java:87)
	at org.springframework.http.client.InterceptingClientHttpRequest.executeInternal(InterceptingClientHttpRequest.java:71)
	at org.springframework.http.client.AbstractBufferingClientHttpRequest.executeInternal(AbstractBufferingClientHttpRequest.java:48)
	at org.springframework.http.client.AbstractClientHttpRequest.execute(AbstractClientHttpRequest.java:66)
	at org.springframework.web.client.RestTemplate.doExecute(RestTemplate.java:862)
	... 40 more

2023-11-03T00:36:10.558-03:00  WARN [users-ws, , ] 95940 --- [SpringApplicationShutdownHook] c.n.d.s.t.d.RetryableEurekaHttpClient    : Request execution failed with message: I/O error on DELETE request for "http://localhost:8761/eureka/apps/USERS-WS/users-ws:16d72811-3b55-4965-91ed-5518c2399ed1": Connect to http://localhost:8761 [localhost/127.0.0.1, localhost/0:0:0:0:0:0:0:1] failed: Connection refused: no further information
2023-11-03T00:36:10.558-03:00 ERROR [users-ws, , ] 95940 --- [SpringApplicationShutdownHook] com.netflix.discovery.DiscoveryClient    : DiscoveryClient_USERS-WS/users-ws:16d72811-3b55-4965-91ed-5518c2399ed1 - de-registration failedCannot execute request on any known server

com.netflix.discovery.shared.transport.TransportException: Cannot execute request on any known server
	at com.netflix.discovery.shared.transport.decorator.RetryableEurekaHttpClient.execute(RetryableEurekaHttpClient.java:112) ~[eureka-client-2.0.1.jar:2.0.1]
	at com.netflix.discovery.shared.transport.decorator.EurekaHttpClientDecorator.cancel(EurekaHttpClientDecorator.java:71) ~[eureka-client-2.0.1.jar:2.0.1]
	at com.netflix.discovery.shared.transport.decorator.EurekaHttpClientDecorator$2.execute(EurekaHttpClientDecorator.java:74) ~[eureka-client-2.0.1.jar:2.0.1]
	at com.netflix.discovery.shared.transport.decorator.SessionedEurekaHttpClient.execute(SessionedEurekaHttpClient.java:77) ~[eureka-client-2.0.1.jar:2.0.1]
	at com.netflix.discovery.shared.transport.decorator.EurekaHttpClientDecorator.cancel(EurekaHttpClientDecorator.java:71) ~[eureka-client-2.0.1.jar:2.0.1]
	at com.netflix.discovery.DiscoveryClient.unregister(DiscoveryClient.java:916) ~[eureka-client-2.0.1.jar:2.0.1]
	at com.netflix.discovery.DiscoveryClient.shutdown(DiscoveryClient.java:892) ~[eureka-client-2.0.1.jar:2.0.1]
	at java.base/jdk.internal.reflect.NativeMethodAccessorImpl.invoke0(Native Method) ~[na:na]
	at java.base/jdk.internal.reflect.NativeMethodAccessorImpl.invoke(NativeMethodAccessorImpl.java:77) ~[na:na]
	at java.base/jdk.internal.reflect.DelegatingMethodAccessorImpl.invoke(DelegatingMethodAccessorImpl.java:43) ~[na:na]
	at java.base/java.lang.reflect.Method.invoke(Method.java:568) ~[na:na]
	at org.springframework.beans.factory.annotation.InitDestroyAnnotationBeanPostProcessor$LifecycleMethod.invoke(InitDestroyAnnotationBeanPostProcessor.java:457) ~[spring-beans-6.0.13.jar:6.0.13]
	at org.springframework.beans.factory.annotation.InitDestroyAnnotationBeanPostProcessor$LifecycleMetadata.invokeDestroyMethods(InitDestroyAnnotationBeanPostProcessor.java:415) ~[spring-beans-6.0.13.jar:6.0.13]
	at org.springframework.beans.factory.annotation.InitDestroyAnnotationBeanPostProcessor.postProcessBeforeDestruction(InitDestroyAnnotationBeanPostProcessor.java:239) ~[spring-beans-6.0.13.jar:6.0.13]
	at org.springframework.beans.factory.support.DisposableBeanAdapter.destroy(DisposableBeanAdapter.java:191) ~[spring-beans-6.0.13.jar:6.0.13]
	at org.springframework.beans.factory.support.DisposableBeanAdapter.run(DisposableBeanAdapter.java:184) ~[spring-beans-6.0.13.jar:6.0.13]
	at org.springframework.cloud.context.scope.GenericScope$BeanLifecycleWrapper.destroy(GenericScope.java:389) ~[spring-cloud-context-4.0.4.jar:4.0.4]
	at org.springframework.cloud.context.scope.GenericScope.destroy(GenericScope.java:136) ~[spring-cloud-context-4.0.4.jar:4.0.4]
	at org.springframework.beans.factory.support.DisposableBeanAdapter.destroy(DisposableBeanAdapter.java:200) ~[spring-beans-6.0.13.jar:6.0.13]
	at org.springframework.beans.factory.support.DefaultSingletonBeanRegistry.destroyBean(DefaultSingletonBeanRegistry.java:587) ~[spring-beans-6.0.13.jar:6.0.13]
	at org.springframework.beans.factory.support.DefaultSingletonBeanRegistry.destroySingleton(DefaultSingletonBeanRegistry.java:559) ~[spring-beans-6.0.13.jar:6.0.13]
	at org.springframework.beans.factory.support.DefaultListableBeanFactory.destroySingleton(DefaultListableBeanFactory.java:1189) ~[spring-beans-6.0.13.jar:6.0.13]
	at org.springframework.beans.factory.support.DefaultSingletonBeanRegistry.destroySingletons(DefaultSingletonBeanRegistry.java:520) ~[spring-beans-6.0.13.jar:6.0.13]
	at org.springframework.beans.factory.support.DefaultListableBeanFactory.destroySingletons(DefaultListableBeanFactory.java:1182) ~[spring-beans-6.0.13.jar:6.0.13]
	at org.springframework.context.support.AbstractApplicationContext.destroyBeans(AbstractApplicationContext.java:1118) ~[spring-context-6.0.13.jar:6.0.13]
	at org.springframework.context.support.AbstractApplicationContext.doClose(AbstractApplicationContext.java:1084) ~[spring-context-6.0.13.jar:6.0.13]
	at org.springframework.boot.web.servlet.context.ServletWebServerApplicationContext.doClose(ServletWebServerApplicationContext.java:173) ~[spring-boot-3.1.5.jar:3.1.5]
	at org.springframework.context.support.AbstractApplicationContext.close(AbstractApplicationContext.java:1035) ~[spring-context-6.0.13.jar:6.0.13]
	at org.springframework.boot.SpringApplicationShutdownHook.closeAndWait(SpringApplicationShutdownHook.java:145) ~[spring-boot-3.1.5.jar:3.1.5]
	at java.base/java.lang.Iterable.forEach(Iterable.java:75) ~[na:na]
	at org.springframework.boot.SpringApplicationShutdownHook.run(SpringApplicationShutdownHook.java:114) ~[spring-boot-3.1.5.jar:3.1.5]
	at java.base/java.lang.Thread.run(Thread.java:833) ~[na:na]

2023-11-03T00:36:10.593-03:00  INFO [users-ws, , ] 95940 --- [SpringApplicationShutdownHook] com.netflix.discovery.DiscoveryClient    : Completed shut down of DiscoveryClient
